<?xml version="1.0" encoding="UTF-8"?>
<!-- Generated by org.testng.reporters.JUnitXMLReporter -->
<testsuite ignored="15" hostname="RFUser15" failures="0" tests="18" name="TestKaaspro" time="9.802" errors="0" timestamp="2025-08-19T17:19:43 IST">
  <testcase classname="org.testCases.ServicesPage" name="@BeforeClass start" time="0.109">
    <failure type="org.openqa.selenium.NoSuchSessionException" message="invalid session id
Build info: version: &amp;apos;4.16.1&amp;apos;, revision: &amp;apos;9b4c83354e&amp;apos;
System info: os.name: &amp;apos;Windows 11&amp;apos;, os.arch: &amp;apos;amd64&amp;apos;, os.version: &amp;apos;10.0&amp;apos;, java.version: &amp;apos;21.0.4&amp;apos;
Driver info: org.openqa.selenium.chrome.ChromeDriver
Command: [f868fc6d5a98ee203f7821617f4d3abc, get {url=https://test.kaaspro.com/}]
Capabilities {acceptInsecureCerts: true, browserName: chrome, browserVersion: 139.0.7258.128, chrome: {chromedriverVersion: 139.0.7258.68 (40ff94600b6e..., userDataDir: C:\Users\SHEIKS~1.A\AppData...}, fedcm:accounts: true, goog:chromeOptions: {debuggerAddress: localhost:65200}, networkConnectionEnabled: false, pageLoadStrategy: normal, platformName: windows, proxy: Proxy(), se:cdp: ws://localhost:65200/devtoo..., se:cdpVersion: 139.0.7258.128, setWindowRect: true, strictFileInteractability: false, timeouts: {implicit: 0, pageLoad: 300000, script: 30000}, unhandledPromptBehavior: dismiss and notify, webauthn:extension:credBlob: true, webauthn:extension:largeBlob: true, webauthn:extension:minPinLength: true, webauthn:extension:prf: true, webauthn:virtualAuthenticators: true}
Session ID: f868fc6d5a98ee203f7821617f4d3abc">
      <![CDATA[org.openqa.selenium.NoSuchSessionException: invalid session id
Build info: version: '4.16.1', revision: '9b4c83354e'
System info: os.name: 'Windows 11', os.arch: 'amd64', os.version: '10.0', java.version: '21.0.4'
Driver info: org.openqa.selenium.chrome.ChromeDriver
Command: [f868fc6d5a98ee203f7821617f4d3abc, get {url=https://test.kaaspro.com/}]
Capabilities {acceptInsecureCerts: true, browserName: chrome, browserVersion: 139.0.7258.128, chrome: {chromedriverVersion: 139.0.7258.68 (40ff94600b6e..., userDataDir: C:\Users\SHEIKS~1.A\AppData...}, fedcm:accounts: true, goog:chromeOptions: {debuggerAddress: localhost:65200}, networkConnectionEnabled: false, pageLoadStrategy: normal, platformName: windows, proxy: Proxy(), se:cdp: ws://localhost:65200/devtoo..., se:cdpVersion: 139.0.7258.128, setWindowRect: true, strictFileInteractability: false, timeouts: {implicit: 0, pageLoad: 300000, script: 30000}, unhandledPromptBehavior: dismiss and notify, webauthn:extension:credBlob: true, webauthn:extension:largeBlob: true, webauthn:extension:minPinLength: true, webauthn:extension:prf: true, webauthn:virtualAuthenticators: true}
Session ID: f868fc6d5a98ee203f7821617f4d3abc
at org.openqa.selenium.remote.codec.w3c.W3CHttpResponseCodec.createException(W3CHttpResponseCodec.java:200)
at org.openqa.selenium.remote.codec.w3c.W3CHttpResponseCodec.decode(W3CHttpResponseCodec.java:133)
at org.openqa.selenium.remote.codec.w3c.W3CHttpResponseCodec.decode(W3CHttpResponseCodec.java:52)
at org.openqa.selenium.remote.HttpCommandExecutor.execute(HttpCommandExecutor.java:191)
at org.openqa.selenium.remote.service.DriverCommandExecutor.invokeExecute(DriverCommandExecutor.java:200)
at org.openqa.selenium.remote.service.DriverCommandExecutor.execute(DriverCommandExecutor.java:175)
at org.openqa.selenium.remote.RemoteWebDriver.execute(RemoteWebDriver.java:523)
at org.openqa.selenium.remote.RemoteWebDriver.get(RemoteWebDriver.java:305)
at com.login.LoginDetails.openUrl(LoginDetails.java:16)
at org.testCases.ServicesPage.start(ServicesPage.java:28)
at java.base/java.util.ArrayList.forEach(ArrayList.java:1596)
... Removed 26 stack frames]]>
    </failure>
  </testcase> <!-- @BeforeClass start -->
  <testcase classname="org.launch.LaunchBrowser" name="@BeforeMethod verifyTheName" time="-1.755604183207E9">
    <skipped/>
  </testcase> <!-- @BeforeMethod verifyTheName -->
  <testcase classname="org.launch.LaunchBrowser" name="@AfterMethod checkStatus" time="-1.755604183215E9">
    <skipped/>
  </testcase> <!-- @AfterMethod checkStatus -->
  <testcase classname="org.launch.LaunchBrowser" name="@BeforeMethod verifyTheName" time="-1.755604183217E9">
    <skipped/>
  </testcase> <!-- @BeforeMethod verifyTheName -->
  <testcase classname="org.launch.LaunchBrowser" name="@AfterMethod checkStatus" time="-1.755604183226E9">
    <skipped/>
  </testcase> <!-- @AfterMethod checkStatus -->
  <testcase classname="org.launch.LaunchBrowser" name="@BeforeMethod verifyTheName" time="-1.755604183229E9">
    <skipped/>
  </testcase> <!-- @BeforeMethod verifyTheName -->
  <testcase classname="org.launch.LaunchBrowser" name="@AfterMethod checkStatus" time="-1.755604183238E9">
    <skipped/>
  </testcase> <!-- @AfterMethod checkStatus -->
  <testcase classname="org.launch.LaunchBrowser" name="@BeforeMethod verifyTheName" time="-1.755604183241E9">
    <skipped/>
  </testcase> <!-- @BeforeMethod verifyTheName -->
  <testcase classname="org.launch.LaunchBrowser" name="@AfterMethod checkStatus" time="-1.755604183248E9">
    <skipped/>
  </testcase> <!-- @AfterMethod checkStatus -->
  <testcase classname="org.testCases.ServicesPage" name="@AfterClass close" time="-1.755604183249E9">
    <skipped/>
  </testcase> <!-- @AfterClass close -->
  <testcase classname="org.testCases.MigrationAndModernization" name="@BeforeClass start" time="0.006">
    <failure type="org.openqa.selenium.NoSuchSessionException" message="invalid session id
Build info: version: &amp;apos;4.16.1&amp;apos;, revision: &amp;apos;9b4c83354e&amp;apos;
System info: os.name: &amp;apos;Windows 11&amp;apos;, os.arch: &amp;apos;amd64&amp;apos;, os.version: &amp;apos;10.0&amp;apos;, java.version: &amp;apos;21.0.4&amp;apos;
Driver info: org.openqa.selenium.chrome.ChromeDriver
Command: [f868fc6d5a98ee203f7821617f4d3abc, get {url=https://test.kaaspro.com/}]
Capabilities {acceptInsecureCerts: true, browserName: chrome, browserVersion: 139.0.7258.128, chrome: {chromedriverVersion: 139.0.7258.68 (40ff94600b6e..., userDataDir: C:\Users\SHEIKS~1.A\AppData...}, fedcm:accounts: true, goog:chromeOptions: {debuggerAddress: localhost:65200}, networkConnectionEnabled: false, pageLoadStrategy: normal, platformName: windows, proxy: Proxy(), se:cdp: ws://localhost:65200/devtoo..., se:cdpVersion: 139.0.7258.128, setWindowRect: true, strictFileInteractability: false, timeouts: {implicit: 0, pageLoad: 300000, script: 30000}, unhandledPromptBehavior: dismiss and notify, webauthn:extension:credBlob: true, webauthn:extension:largeBlob: true, webauthn:extension:minPinLength: true, webauthn:extension:prf: true, webauthn:virtualAuthenticators: true}
Session ID: f868fc6d5a98ee203f7821617f4d3abc">
      <![CDATA[org.openqa.selenium.NoSuchSessionException: invalid session id
Build info: version: '4.16.1', revision: '9b4c83354e'
System info: os.name: 'Windows 11', os.arch: 'amd64', os.version: '10.0', java.version: '21.0.4'
Driver info: org.openqa.selenium.chrome.ChromeDriver
Command: [f868fc6d5a98ee203f7821617f4d3abc, get {url=https://test.kaaspro.com/}]
Capabilities {acceptInsecureCerts: true, browserName: chrome, browserVersion: 139.0.7258.128, chrome: {chromedriverVersion: 139.0.7258.68 (40ff94600b6e..., userDataDir: C:\Users\SHEIKS~1.A\AppData...}, fedcm:accounts: true, goog:chromeOptions: {debuggerAddress: localhost:65200}, networkConnectionEnabled: false, pageLoadStrategy: normal, platformName: windows, proxy: Proxy(), se:cdp: ws://localhost:65200/devtoo..., se:cdpVersion: 139.0.7258.128, setWindowRect: true, strictFileInteractability: false, timeouts: {implicit: 0, pageLoad: 300000, script: 30000}, unhandledPromptBehavior: dismiss and notify, webauthn:extension:credBlob: true, webauthn:extension:largeBlob: true, webauthn:extension:minPinLength: true, webauthn:extension:prf: true, webauthn:virtualAuthenticators: true}
Session ID: f868fc6d5a98ee203f7821617f4d3abc
at org.openqa.selenium.remote.codec.w3c.W3CHttpResponseCodec.createException(W3CHttpResponseCodec.java:200)
at org.openqa.selenium.remote.codec.w3c.W3CHttpResponseCodec.decode(W3CHttpResponseCodec.java:133)
at org.openqa.selenium.remote.codec.w3c.W3CHttpResponseCodec.decode(W3CHttpResponseCodec.java:52)
at org.openqa.selenium.remote.HttpCommandExecutor.execute(HttpCommandExecutor.java:191)
at org.openqa.selenium.remote.service.DriverCommandExecutor.invokeExecute(DriverCommandExecutor.java:200)
at org.openqa.selenium.remote.service.DriverCommandExecutor.execute(DriverCommandExecutor.java:175)
at org.openqa.selenium.remote.RemoteWebDriver.execute(RemoteWebDriver.java:523)
at org.openqa.selenium.remote.RemoteWebDriver.get(RemoteWebDriver.java:305)
at com.login.LoginDetails.openUrl(LoginDetails.java:16)
at org.testCases.MigrationAndModernization.start(MigrationAndModernization.java:23)
at java.base/java.util.ArrayList.forEach(ArrayList.java:1596)
... Removed 26 stack frames]]>
    </failure>
  </testcase> <!-- @BeforeClass start -->
  <testcase classname="org.launch.LaunchBrowser" name="@BeforeMethod verifyTheName" time="-1.75560418326E9">
    <skipped/>
  </testcase> <!-- @BeforeMethod verifyTheName -->
  <testcase classname="org.launch.LaunchBrowser" name="@AfterMethod checkStatus" time="-1.755604183268E9">
    <skipped/>
  </testcase> <!-- @AfterMethod checkStatus -->
  <testcase classname="org.launch.LaunchBrowser" name="@BeforeMethod verifyTheName" time="-1.75560418327E9">
    <skipped/>
  </testcase> <!-- @BeforeMethod verifyTheName -->
  <testcase classname="org.launch.LaunchBrowser" name="@AfterMethod checkStatus" time="-1.755604183276E9">
    <skipped/>
  </testcase> <!-- @AfterMethod checkStatus -->
  <testcase classname="org.launch.LaunchBrowser" name="@BeforeMethod verifyTheName" time="-1.755604183279E9">
    <skipped/>
  </testcase> <!-- @BeforeMethod verifyTheName -->
  <testcase classname="org.launch.LaunchBrowser" name="@AfterMethod checkStatus" time="-1.755604183286E9">
    <skipped/>
  </testcase> <!-- @AfterMethod checkStatus -->
  <testcase classname="org.testCases.MigrationAndModernization" name="@AfterClass close" time="-1.755604183287E9">
    <skipped/>
  </testcase> <!-- @AfterClass close -->
  <testcase classname="org.testCases.Contact" name="@BeforeClass start" time="0.005">
    <failure type="org.openqa.selenium.NoSuchSessionException" message="invalid session id
Build info: version: &amp;apos;4.16.1&amp;apos;, revision: &amp;apos;9b4c83354e&amp;apos;
System info: os.name: &amp;apos;Windows 11&amp;apos;, os.arch: &amp;apos;amd64&amp;apos;, os.version: &amp;apos;10.0&amp;apos;, java.version: &amp;apos;21.0.4&amp;apos;
Driver info: org.openqa.selenium.chrome.ChromeDriver
Command: [f868fc6d5a98ee203f7821617f4d3abc, get {url=https://test.kaaspro.com/}]
Capabilities {acceptInsecureCerts: true, browserName: chrome, browserVersion: 139.0.7258.128, chrome: {chromedriverVersion: 139.0.7258.68 (40ff94600b6e..., userDataDir: C:\Users\SHEIKS~1.A\AppData...}, fedcm:accounts: true, goog:chromeOptions: {debuggerAddress: localhost:65200}, networkConnectionEnabled: false, pageLoadStrategy: normal, platformName: windows, proxy: Proxy(), se:cdp: ws://localhost:65200/devtoo..., se:cdpVersion: 139.0.7258.128, setWindowRect: true, strictFileInteractability: false, timeouts: {implicit: 0, pageLoad: 300000, script: 30000}, unhandledPromptBehavior: dismiss and notify, webauthn:extension:credBlob: true, webauthn:extension:largeBlob: true, webauthn:extension:minPinLength: true, webauthn:extension:prf: true, webauthn:virtualAuthenticators: true}
Session ID: f868fc6d5a98ee203f7821617f4d3abc">
      <![CDATA[org.openqa.selenium.NoSuchSessionException: invalid session id
Build info: version: '4.16.1', revision: '9b4c83354e'
System info: os.name: 'Windows 11', os.arch: 'amd64', os.version: '10.0', java.version: '21.0.4'
Driver info: org.openqa.selenium.chrome.ChromeDriver
Command: [f868fc6d5a98ee203f7821617f4d3abc, get {url=https://test.kaaspro.com/}]
Capabilities {acceptInsecureCerts: true, browserName: chrome, browserVersion: 139.0.7258.128, chrome: {chromedriverVersion: 139.0.7258.68 (40ff94600b6e..., userDataDir: C:\Users\SHEIKS~1.A\AppData...}, fedcm:accounts: true, goog:chromeOptions: {debuggerAddress: localhost:65200}, networkConnectionEnabled: false, pageLoadStrategy: normal, platformName: windows, proxy: Proxy(), se:cdp: ws://localhost:65200/devtoo..., se:cdpVersion: 139.0.7258.128, setWindowRect: true, strictFileInteractability: false, timeouts: {implicit: 0, pageLoad: 300000, script: 30000}, unhandledPromptBehavior: dismiss and notify, webauthn:extension:credBlob: true, webauthn:extension:largeBlob: true, webauthn:extension:minPinLength: true, webauthn:extension:prf: true, webauthn:virtualAuthenticators: true}
Session ID: f868fc6d5a98ee203f7821617f4d3abc
at org.openqa.selenium.remote.codec.w3c.W3CHttpResponseCodec.createException(W3CHttpResponseCodec.java:200)
at org.openqa.selenium.remote.codec.w3c.W3CHttpResponseCodec.decode(W3CHttpResponseCodec.java:133)
at org.openqa.selenium.remote.codec.w3c.W3CHttpResponseCodec.decode(W3CHttpResponseCodec.java:52)
at org.openqa.selenium.remote.HttpCommandExecutor.execute(HttpCommandExecutor.java:191)
at org.openqa.selenium.remote.service.DriverCommandExecutor.invokeExecute(DriverCommandExecutor.java:200)
at org.openqa.selenium.remote.service.DriverCommandExecutor.execute(DriverCommandExecutor.java:175)
at org.openqa.selenium.remote.RemoteWebDriver.execute(RemoteWebDriver.java:523)
at org.openqa.selenium.remote.RemoteWebDriver.get(RemoteWebDriver.java:305)
at com.login.LoginDetails.openUrl(LoginDetails.java:16)
at org.testCases.Contact.start(Contact.java:25)
at java.base/java.util.ArrayList.forEach(ArrayList.java:1596)
... Removed 26 stack frames]]>
    </failure>
  </testcase> <!-- @BeforeClass start -->
  <testcase classname="org.launch.LaunchBrowser" name="@BeforeMethod verifyTheName" time="-1.755604183297E9">
    <skipped/>
  </testcase> <!-- @BeforeMethod verifyTheName -->
  <testcase classname="org.launch.LaunchBrowser" name="@AfterMethod checkStatus" time="-1.755604183302E9">
    <skipped/>
  </testcase> <!-- @AfterMethod checkStatus -->
  <testcase classname="org.launch.LaunchBrowser" name="@BeforeMethod verifyTheName" time="-1.755604183306E9">
    <skipped/>
  </testcase> <!-- @BeforeMethod verifyTheName -->
  <testcase classname="org.launch.LaunchBrowser" name="@AfterMethod checkStatus" time="-1.75560418331E9">
    <skipped/>
  </testcase> <!-- @AfterMethod checkStatus -->
  <testcase classname="org.launch.LaunchBrowser" name="@BeforeMethod verifyTheName" time="-1.755604183312E9">
    <skipped/>
  </testcase> <!-- @BeforeMethod verifyTheName -->
  <testcase classname="org.launch.LaunchBrowser" name="@AfterMethod checkStatus" time="-1.755604183315E9">
    <skipped/>
  </testcase> <!-- @AfterMethod checkStatus -->
  <testcase classname="org.launch.LaunchBrowser" name="@BeforeMethod verifyTheName" time="-1.755604183318E9">
    <skipped/>
  </testcase> <!-- @BeforeMethod verifyTheName -->
  <testcase classname="org.launch.LaunchBrowser" name="@AfterMethod checkStatus" time="-1.755604183324E9">
    <skipped/>
  </testcase> <!-- @AfterMethod checkStatus -->
  <testcase classname="org.testCases.Contact" name="@AfterClass close" time="-1.755604183326E9">
    <skipped/>
  </testcase> <!-- @AfterClass close -->
  <testcase classname="org.testCases.Careers" name="@BeforeClass start" time="0.005">
    <failure type="org.openqa.selenium.NoSuchSessionException" message="invalid session id
Build info: version: &amp;apos;4.16.1&amp;apos;, revision: &amp;apos;9b4c83354e&amp;apos;
System info: os.name: &amp;apos;Windows 11&amp;apos;, os.arch: &amp;apos;amd64&amp;apos;, os.version: &amp;apos;10.0&amp;apos;, java.version: &amp;apos;21.0.4&amp;apos;
Driver info: org.openqa.selenium.chrome.ChromeDriver
Command: [f868fc6d5a98ee203f7821617f4d3abc, get {url=https://test.kaaspro.com/}]
Capabilities {acceptInsecureCerts: true, browserName: chrome, browserVersion: 139.0.7258.128, chrome: {chromedriverVersion: 139.0.7258.68 (40ff94600b6e..., userDataDir: C:\Users\SHEIKS~1.A\AppData...}, fedcm:accounts: true, goog:chromeOptions: {debuggerAddress: localhost:65200}, networkConnectionEnabled: false, pageLoadStrategy: normal, platformName: windows, proxy: Proxy(), se:cdp: ws://localhost:65200/devtoo..., se:cdpVersion: 139.0.7258.128, setWindowRect: true, strictFileInteractability: false, timeouts: {implicit: 0, pageLoad: 300000, script: 30000}, unhandledPromptBehavior: dismiss and notify, webauthn:extension:credBlob: true, webauthn:extension:largeBlob: true, webauthn:extension:minPinLength: true, webauthn:extension:prf: true, webauthn:virtualAuthenticators: true}
Session ID: f868fc6d5a98ee203f7821617f4d3abc">
      <![CDATA[org.openqa.selenium.NoSuchSessionException: invalid session id
Build info: version: '4.16.1', revision: '9b4c83354e'
System info: os.name: 'Windows 11', os.arch: 'amd64', os.version: '10.0', java.version: '21.0.4'
Driver info: org.openqa.selenium.chrome.ChromeDriver
Command: [f868fc6d5a98ee203f7821617f4d3abc, get {url=https://test.kaaspro.com/}]
Capabilities {acceptInsecureCerts: true, browserName: chrome, browserVersion: 139.0.7258.128, chrome: {chromedriverVersion: 139.0.7258.68 (40ff94600b6e..., userDataDir: C:\Users\SHEIKS~1.A\AppData...}, fedcm:accounts: true, goog:chromeOptions: {debuggerAddress: localhost:65200}, networkConnectionEnabled: false, pageLoadStrategy: normal, platformName: windows, proxy: Proxy(), se:cdp: ws://localhost:65200/devtoo..., se:cdpVersion: 139.0.7258.128, setWindowRect: true, strictFileInteractability: false, timeouts: {implicit: 0, pageLoad: 300000, script: 30000}, unhandledPromptBehavior: dismiss and notify, webauthn:extension:credBlob: true, webauthn:extension:largeBlob: true, webauthn:extension:minPinLength: true, webauthn:extension:prf: true, webauthn:virtualAuthenticators: true}
Session ID: f868fc6d5a98ee203f7821617f4d3abc
at org.openqa.selenium.remote.codec.w3c.W3CHttpResponseCodec.createException(W3CHttpResponseCodec.java:200)
at org.openqa.selenium.remote.codec.w3c.W3CHttpResponseCodec.decode(W3CHttpResponseCodec.java:133)
at org.openqa.selenium.remote.codec.w3c.W3CHttpResponseCodec.decode(W3CHttpResponseCodec.java:52)
at org.openqa.selenium.remote.HttpCommandExecutor.execute(HttpCommandExecutor.java:191)
at org.openqa.selenium.remote.service.DriverCommandExecutor.invokeExecute(DriverCommandExecutor.java:200)
at org.openqa.selenium.remote.service.DriverCommandExecutor.execute(DriverCommandExecutor.java:175)
at org.openqa.selenium.remote.RemoteWebDriver.execute(RemoteWebDriver.java:523)
at org.openqa.selenium.remote.RemoteWebDriver.get(RemoteWebDriver.java:305)
at com.login.LoginDetails.openUrl(LoginDetails.java:16)
at org.testCases.Careers.start(Careers.java:25)
at java.base/java.util.ArrayList.forEach(ArrayList.java:1596)
... Removed 26 stack frames]]>
    </failure>
  </testcase> <!-- @BeforeClass start -->
  <testcase classname="org.launch.LaunchBrowser" name="@BeforeMethod verifyTheName" time="-1.755604183334E9">
    <skipped/>
  </testcase> <!-- @BeforeMethod verifyTheName -->
  <testcase classname="org.launch.LaunchBrowser" name="@AfterMethod checkStatus" time="-1.755604183341E9">
    <skipped/>
  </testcase> <!-- @AfterMethod checkStatus -->
  <testcase classname="org.launch.LaunchBrowser" name="@BeforeMethod verifyTheName" time="-1.755604183342E9">
    <skipped/>
  </testcase> <!-- @BeforeMethod verifyTheName -->
  <testcase classname="org.launch.LaunchBrowser" name="@AfterMethod checkStatus" time="-1.755604183346E9">
    <skipped/>
  </testcase> <!-- @AfterMethod checkStatus -->
  <testcase classname="org.launch.LaunchBrowser" name="@BeforeMethod verifyTheName" time="-1.755604183347E9">
    <skipped/>
  </testcase> <!-- @BeforeMethod verifyTheName -->
  <testcase classname="org.launch.LaunchBrowser" name="@AfterMethod checkStatus" time="-1.755604183352E9">
    <skipped/>
  </testcase> <!-- @AfterMethod checkStatus -->
  <testcase classname="org.testCases.Careers" name="@AfterClass close" time="-1.755604183353E9">
    <skipped/>
  </testcase> <!-- @AfterClass close -->
  <testcase classname="org.testCases.HomePage" name="homePageLoad" time="0.094"/>
  <testcase classname="org.testCases.HomePage" name="mainHeading" time="0.101"/>
  <testcase classname="org.testCases.HomePage" name="allLinksAccessibility" time="0.643"/>
  <testcase classname="org.testCases.HomePage" name="navigateHomePage" time="7.805"/>
  <testcase classname="org.testCases.ServicesPage" name="servicesPageLoad" time="0.0">
    <skipped/>
  </testcase> <!-- servicesPageLoad -->
  <testcase classname="org.testCases.ServicesPage" name="servicesMainHeading" time="0.0">
    <skipped/>
  </testcase> <!-- servicesMainHeading -->
  <testcase classname="org.testCases.ServicesPage" name="servicesAllLinksAccessibility" time="0.0">
    <skipped/>
  </testcase> <!-- servicesAllLinksAccessibility -->
  <testcase classname="org.testCases.ServicesPage" name="servicesPageNavigation" time="0.0">
    <skipped/>
  </testcase> <!-- servicesPageNavigation -->
  <testcase classname="org.testCases.MigrationAndModernization" name="migrationAndModernizationPageLoad" time="0.0">
    <skipped/>
  </testcase> <!-- migrationAndModernizationPageLoad -->
  <testcase classname="org.testCases.MigrationAndModernization" name="migrationAndModernizationHeading" time="0.0">
    <skipped/>
  </testcase> <!-- migrationAndModernizationHeading -->
  <testcase classname="org.testCases.MigrationAndModernization" name="migrationModernizationLinksAccessibility" time="0.001">
    <skipped/>
  </testcase> <!-- migrationModernizationLinksAccessibility -->
  <testcase classname="org.testCases.Contact" name="contactPageLoad" time="0.0">
    <skipped/>
  </testcase> <!-- contactPageLoad -->
  <testcase classname="org.testCases.Contact" name="ContactHeading" time="0.0">
    <skipped/>
  </testcase> <!-- ContactHeading -->
  <testcase classname="org.testCases.Contact" name="contactLinksAccessibility" time="0.0">
    <skipped/>
  </testcase> <!-- contactLinksAccessibility -->
  <testcase classname="org.testCases.Contact" name="fillTheContactForm" time="0.0">
    <skipped/>
  </testcase> <!-- fillTheContactForm -->
  <testcase classname="org.testCases.Careers" name="careersPageLoad" time="0.0">
    <skipped/>
  </testcase> <!-- careersPageLoad -->
  <testcase classname="org.testCases.Careers" name="careersHeading" time="0.0">
    <skipped/>
  </testcase> <!-- careersHeading -->
  <testcase classname="org.testCases.Careers" name="migrationModernizationLinksAccessibility" time="0.0">
    <skipped/>
  </testcase> <!-- migrationModernizationLinksAccessibility -->
  <testcase classname="org.launch.LaunchBrowser" name="@BeforeSuite openConnection" time="0.0">
    <ignored/>
  </testcase> <!-- @BeforeSuite openConnection -->
  <testcase classname="org.launch.LaunchBrowser" name="@BeforeSuite openConnection" time="0.0">
    <ignored/>
  </testcase> <!-- @BeforeSuite openConnection -->
  <testcase classname="org.launch.LaunchBrowser" name="@BeforeSuite openConnection" time="0.0">
    <ignored/>
  </testcase> <!-- @BeforeSuite openConnection -->
  <testcase classname="org.launch.LaunchBrowser" name="@BeforeSuite openConnection" time="0.0">
    <ignored/>
  </testcase> <!-- @BeforeSuite openConnection -->
  <testcase classname="org.testCases.HomePage" name="compareHomePage" time="0.0">
    <ignored/>
  </testcase> <!-- compareHomePage -->
  <testcase classname="org.launch.LaunchBrowser" name="@AfterSuite tear_Down" time="0.0">
    <ignored/>
  </testcase> <!-- @AfterSuite tear_Down -->
  <testcase classname="org.launch.LaunchBrowser" name="@AfterSuite tear_Down" time="0.0">
    <ignored/>
  </testcase> <!-- @AfterSuite tear_Down -->
  <testcase classname="org.launch.LaunchBrowser" name="@AfterSuite tear_Down" time="0.0">
    <ignored/>
  </testcase> <!-- @AfterSuite tear_Down -->
  <testcase classname="org.launch.LaunchBrowser" name="@AfterSuite tear_Down" time="0.0">
    <ignored/>
  </testcase> <!-- @AfterSuite tear_Down -->
  <testcase classname="org.testCases.HomePage" name="verifyPageDOMStructure" time="0.0">
    <ignored/>
  </testcase> <!-- verifyPageDOMStructure -->
  <testcase classname="org.launch.LaunchBrowser" name="@BeforeTest getTheTestNmae" time="0.0">
    <ignored/>
  </testcase> <!-- @BeforeTest getTheTestNmae -->
  <testcase classname="org.launch.LaunchBrowser" name="@BeforeTest getTheTestNmae" time="0.0">
    <ignored/>
  </testcase> <!-- @BeforeTest getTheTestNmae -->
  <testcase classname="org.launch.LaunchBrowser" name="@BeforeTest getTheTestNmae" time="0.0">
    <ignored/>
  </testcase> <!-- @BeforeTest getTheTestNmae -->
  <testcase classname="org.launch.LaunchBrowser" name="@BeforeTest getTheTestNmae" time="0.0">
    <ignored/>
  </testcase> <!-- @BeforeTest getTheTestNmae -->
  <testcase classname="org.testCases.HomePage" name="verifyPageTextContent" time="0.0">
    <ignored/>
  </testcase> <!-- verifyPageTextContent -->
</testsuite> <!-- TestKaaspro -->
