<!DOCTYPE html>

<html>
  <head>
  <meta charset='utf-8'>
  <title>TestNG reports</title>

    <link type="text/css" href="testng-reports1.css" rel="stylesheet" id="ultra" />
    <link type="text/css" href="testng-reports.css" rel="stylesheet" id="retro" disabled="false"/>
    <script type="text/javascript" src="jquery.min.js"></script>
    <script type="text/javascript" src="testng-reports.js"></script>
    <script type="text/javascript" src="https://www.google.com/jsapi"></script>
    <script type='text/javascript'>
      google.load('visualization', '1', {packages:['table']});
      google.setOnLoadCallback(drawTable);
      var suiteTableInitFunctions = new Array();
      var suiteTableData = new Array();
    </script>
    <!--
      <script type="text/javascript" src="jquery-ui/js/jquery-ui-1.8.16.custom.min.js"></script>
     -->
  </head>

  <body>
    <div class="top-banner-root">
      <span class="top-banner-title-font">Test results</span>
      <button id="button" class="button">Switch Retro Theme</button> <!-- button -->
      <br/>
      <span class="top-banner-font-1">1 suite, 11 failed tests</span>
    </div> <!-- top-banner-root -->
    <div class="navigator-root">
      <div class="navigator-suite-header">
        <span>All suites</span>
        <a href="#" title="Collapse/expand all the suites" class="collapse-all-link">
          <img src="collapseall.gif" class="collapse-all-icon">
          </img> <!-- collapse-all-icon -->
        </a> <!-- collapse-all-link -->
      </div> <!-- navigator-suite-header -->
      <div class="suite">
        <div class="rounded-window">
          <div class="suite-header light-rounded-window-top">
            <a href="#" panel-name="suite-Suite" class="navigator-link">
              <span class="suite-name border-failed">Suite</span>
            </a> <!-- navigator-link -->
          </div> <!-- suite-header light-rounded-window-top -->
          <div class="navigator-suite-content">
            <div class="suite-section-title">
              <span>Info</span>
            </div> <!-- suite-section-title -->
            <div class="suite-section-content">
              <ul>
                <li>
                  <a href="#" panel-name="test-xml-Suite" class="navigator-link ">
                    <span>C:\Users\sheiksalim.a\kaasproTest\KaasproTest\rahul.xml</span>
                  </a> <!-- navigator-link  -->
                </li>
                <li>
                  <a href="#" panel-name="testlist-Suite" class="navigator-link ">
                    <span class="test-stats">1 test</span>
                  </a> <!-- navigator-link  -->
                </li>
                <li>
                  <a href="#" panel-name="group-Suite" class="navigator-link ">
                    <span>0 groups</span>
                  </a> <!-- navigator-link  -->
                </li>
                <li>
                  <a href="#" panel-name="times-Suite" class="navigator-link ">
                    <span>Times</span>
                  </a> <!-- navigator-link  -->
                </li>
                <li>
                  <a href="#" panel-name="reporter-Suite" class="navigator-link ">
                    <span>Reporter output</span>
                  </a> <!-- navigator-link  -->
                </li>
                <li>
                  <a href="#" panel-name="ignored-methods-Suite" class="navigator-link ">
                    <span>Ignored methods</span>
                  </a> <!-- navigator-link  -->
                </li>
                <li>
                  <a href="#" panel-name="chronological-Suite" class="navigator-link ">
                    <span>Chronological view</span>
                  </a> <!-- navigator-link  -->
                </li>
              </ul>
            </div> <!-- suite-section-content -->
            <div class="result-section">
              <div class="suite-section-title">
                <span>Results</span>
              </div> <!-- suite-section-title -->
              <div class="suite-section-content">
                <ul>
                  <li>
                    <span class="method-stats">38 methods, 11 failed,   27 passed</span>
                  </li>
                  <li>
                    <span class="method-list-title failed">Failed methods</span>
                    <span class="show-or-hide-methods failed">
                      <a href="#" panel-name="suite-Suite" class="hide-methods failed suite-Suite"> (hide)</a> <!-- hide-methods failed suite-Suite -->
                      <a href="#" panel-name="suite-Suite" class="show-methods failed suite-Suite"> (show)</a> <!-- show-methods failed suite-Suite -->
                    </span>
                    <div class="method-list-content failed suite-Suite">
                      <span>
                        <img src="failed.png" width="3%"/>
                        <a href="#" panel-name="suite-Suite" title="org.testCases.CaseStudies" class="method navigator-link" hash-for-method="enhancingOperations">enhancingOperations</a> <!-- method navigator-link -->
                      </span>
                      <br/>
                      <span>
                        <img src="failed.png" width="3%"/>
                        <a href="#" panel-name="suite-Suite" title="org.testCases.CaseStudies" class="method navigator-link" hash-for-method="healthcareCaseStudies">healthcareCaseStudies</a> <!-- method navigator-link -->
                      </span>
                      <br/>
                      <span>
                        <img src="failed.png" width="3%"/>
                        <a href="#" panel-name="suite-Suite" title="org.testCases.CaseStudies" class="method navigator-link" hash-for-method="legacy">legacy</a> <!-- method navigator-link -->
                      </span>
                      <br/>
                      <span>
                        <img src="failed.png" width="3%"/>
                        <a href="#" panel-name="suite-Suite" title="org.testCases.CaseStudies" class="method navigator-link" hash-for-method="migrationCaseStudies">migrationCaseStudies</a> <!-- method navigator-link -->
                      </span>
                      <br/>
                      <span>
                        <img src="failed.png" width="3%"/>
                        <a href="#" panel-name="suite-Suite" title="org.testCases.CaseStudies" class="method navigator-link" hash-for-method="modernizingSales">modernizingSales</a> <!-- method navigator-link -->
                      </span>
                      <br/>
                      <span>
                        <img src="failed.png" width="3%"/>
                        <a href="#" panel-name="suite-Suite" title="org.testCases.CaseStudies" class="method navigator-link" hash-for-method="modernizingWorkForce">modernizingWorkForce</a> <!-- method navigator-link -->
                      </span>
                      <br/>
                      <span>
                        <img src="failed.png" width="3%"/>
                        <a href="#" panel-name="suite-Suite" title="org.testCases.CaseStudies" class="method navigator-link" hash-for-method="oracleForm">oracleForm</a> <!-- method navigator-link -->
                      </span>
                      <br/>
                      <span>
                        <img src="failed.png" width="3%"/>
                        <a href="#" panel-name="suite-Suite" title="org.testCases.CaseStudies" class="method navigator-link" hash-for-method="oracleForms">oracleForms</a> <!-- method navigator-link -->
                      </span>
                      <br/>
                      <span>
                        <img src="failed.png" width="3%"/>
                        <a href="#" panel-name="suite-Suite" title="org.testCases.CaseStudies" class="method navigator-link" hash-for-method="runwayAnalysis">runwayAnalysis</a> <!-- method navigator-link -->
                      </span>
                      <br/>
                      <span>
                        <img src="failed.png" width="3%"/>
                        <a href="#" panel-name="suite-Suite" title="org.testCases.CaseStudies" class="method navigator-link" hash-for-method="scalableAndSecure">scalableAndSecure</a> <!-- method navigator-link -->
                      </span>
                      <br/>
                      <span>
                        <img src="failed.png" width="3%"/>
                        <a href="#" panel-name="suite-Suite" title="org.testCases.CaseStudies" class="method navigator-link" hash-for-method="ubuntuUpgrade">ubuntuUpgrade</a> <!-- method navigator-link -->
                      </span>
                      <br/>
                    </div> <!-- method-list-content failed suite-Suite -->
                  </li>
                  <li>
                    <span class="method-list-title passed">Passed methods</span>
                    <span class="show-or-hide-methods passed">
                      <a href="#" panel-name="suite-Suite" class="hide-methods passed suite-Suite"> (hide)</a> <!-- hide-methods passed suite-Suite -->
                      <a href="#" panel-name="suite-Suite" class="show-methods passed suite-Suite"> (show)</a> <!-- show-methods passed suite-Suite -->
                    </span>
                    <div class="method-list-content passed suite-Suite">
                      <span>
                        <img src="passed.png" width="3%"/>
                        <a href="#" panel-name="suite-Suite" title="org.testCases.AboutUs" class="method navigator-link" hash-for-method="aboutUs">aboutUs</a> <!-- method navigator-link -->
                      </span>
                      <br/>
                      <span>
                        <img src="passed.png" width="3%"/>
                        <a href="#" panel-name="suite-Suite" title="org.testCases.Whitepaper" class="method navigator-link" hash-for-method="aiDriven">aiDriven</a> <!-- method navigator-link -->
                      </span>
                      <br/>
                      <span>
                        <img src="passed.png" width="3%"/>
                        <a href="#" panel-name="suite-Suite" title="org.testCases.AboutUs" class="method navigator-link" hash-for-method="allLinksAccessibility">allLinksAccessibility</a> <!-- method navigator-link -->
                      </span>
                      <br/>
                      <span>
                        <img src="passed.png" width="3%"/>
                        <a href="#" panel-name="suite-Suite" title="org.testCases.StaffAugmentation" class="method navigator-link" hash-for-method="allLinksAccessibility">allLinksAccessibility</a> <!-- method navigator-link -->
                      </span>
                      <br/>
                      <span>
                        <img src="passed.png" width="3%"/>
                        <a href="#" panel-name="suite-Suite" title="org.testCases.Whitepaper" class="method navigator-link" hash-for-method="allLinksAccessibility">allLinksAccessibility</a> <!-- method navigator-link -->
                      </span>
                      <br/>
                      <span>
                        <img src="passed.png" width="3%"/>
                        <a href="#" panel-name="suite-Suite" title="org.testCases.CaseStudies" class="method navigator-link" hash-for-method="allLinksAccessibility">allLinksAccessibility</a> <!-- method navigator-link -->
                      </span>
                      <br/>
                      <span>
                        <img src="passed.png" width="3%"/>
                        <a href="#" panel-name="suite-Suite" title="org.testCases.ProductEngineering" class="method navigator-link" hash-for-method="allLinksAccessibility">allLinksAccessibility</a> <!-- method navigator-link -->
                      </span>
                      <br/>
                      <span>
                        <img src="passed.png" width="3%"/>
                        <a href="#" panel-name="suite-Suite" title="org.testCases.Whitepaper" class="method navigator-link" hash-for-method="casestudiesload">casestudiesload</a> <!-- method navigator-link -->
                      </span>
                      <br/>
                      <span>
                        <img src="passed.png" width="3%"/>
                        <a href="#" panel-name="suite-Suite" title="org.testCases.CaseStudies" class="method navigator-link" hash-for-method="casestudiesload">casestudiesload</a> <!-- method navigator-link -->
                      </span>
                      <br/>
                      <span>
                        <img src="passed.png" width="3%"/>
                        <a href="#" panel-name="suite-Suite" title="org.testCases.Whitepaper" class="method navigator-link" hash-for-method="digitalTransformation">digitalTransformation</a> <!-- method navigator-link -->
                      </span>
                      <br/>
                      <span>
                        <img src="passed.png" width="3%"/>
                        <a href="#" panel-name="suite-Suite" title="org.testCases.SocialMediaLink" class="method navigator-link" hash-for-method="fb">fb</a> <!-- method navigator-link -->
                      </span>
                      <br/>
                      <span>
                        <img src="passed.png" width="3%"/>
                        <a href="#" panel-name="suite-Suite" title="org.testCases.StaffAugmentation" class="method navigator-link" hash-for-method="generateAi">generateAi</a> <!-- method navigator-link -->
                      </span>
                      <br/>
                      <span>
                        <img src="passed.png" width="3%"/>
                        <a href="#" panel-name="suite-Suite" title="org.testCases.ProductEngineering" class="method navigator-link" hash-for-method="health">health</a> <!-- method navigator-link -->
                      </span>
                      <br/>
                      <span>
                        <img src="passed.png" width="3%"/>
                        <a href="#" panel-name="suite-Suite" title="org.testCases.ProductEngineering" class="method navigator-link" hash-for-method="kumaranSystem">kumaranSystem</a> <!-- method navigator-link -->
                      </span>
                      <br/>
                      <span>
                        <img src="passed.png" width="3%"/>
                        <a href="#" panel-name="suite-Suite" title="org.testCases.AboutUs" class="method navigator-link" hash-for-method="leaderShip">leaderShip</a> <!-- method navigator-link -->
                      </span>
                      <br/>
                      <span>
                        <img src="passed.png" width="3%"/>
                        <a href="#" panel-name="suite-Suite" title="org.testCases.Whitepaper" class="method navigator-link" hash-for-method="legacyModernisation">legacyModernisation</a> <!-- method navigator-link -->
                      </span>
                      <br/>
                      <span>
                        <img src="passed.png" width="3%"/>
                        <a href="#" panel-name="suite-Suite" title="org.testCases.SocialMediaLink" class="method navigator-link" hash-for-method="linkin">linkin</a> <!-- method navigator-link -->
                      </span>
                      <br/>
                      <span>
                        <img src="passed.png" width="3%"/>
                        <a href="#" panel-name="suite-Suite" title="org.testCases.StaffAugmentation" class="method navigator-link" hash-for-method="mainHeading">mainHeading</a> <!-- method navigator-link -->
                      </span>
                      <br/>
                      <span>
                        <img src="passed.png" width="3%"/>
                        <a href="#" panel-name="suite-Suite" title="org.testCases.Whitepaper" class="method navigator-link" hash-for-method="mainHeading">mainHeading</a> <!-- method navigator-link -->
                      </span>
                      <br/>
                      <span>
                        <img src="passed.png" width="3%"/>
                        <a href="#" panel-name="suite-Suite" title="org.testCases.ProductEngineering" class="method navigator-link" hash-for-method="mainHeading">mainHeading</a> <!-- method navigator-link -->
                      </span>
                      <br/>
                      <span>
                        <img src="passed.png" width="3%"/>
                        <a href="#" panel-name="suite-Suite" title="org.testCases.AboutUs" class="method navigator-link" hash-for-method="mainHeading">mainHeading</a> <!-- method navigator-link -->
                      </span>
                      <br/>
                      <span>
                        <img src="passed.png" width="3%"/>
                        <a href="#" panel-name="suite-Suite" title="org.testCases.CaseStudies" class="method navigator-link" hash-for-method="mainHeading">mainHeading</a> <!-- method navigator-link -->
                      </span>
                      <br/>
                      <span>
                        <img src="passed.png" width="3%"/>
                        <a href="#" panel-name="suite-Suite" title="org.testCases.AboutUs" class="method navigator-link" hash-for-method="ourLocation">ourLocation</a> <!-- method navigator-link -->
                      </span>
                      <br/>
                      <span>
                        <img src="passed.png" width="3%"/>
                        <a href="#" panel-name="suite-Suite" title="org.testCases.ProductEngineering" class="method navigator-link" hash-for-method="productEngineeringLoad">productEngineeringLoad</a> <!-- method navigator-link -->
                      </span>
                      <br/>
                      <span>
                        <img src="passed.png" width="3%"/>
                        <a href="#" panel-name="suite-Suite" title="org.testCases.StaffAugmentation" class="method navigator-link" hash-for-method="qualityAssurance">qualityAssurance</a> <!-- method navigator-link -->
                      </span>
                      <br/>
                      <span>
                        <img src="passed.png" width="3%"/>
                        <a href="#" panel-name="suite-Suite" title="org.testCases.StaffAugmentation" class="method navigator-link" hash-for-method="staffAugmentationload">staffAugmentationload</a> <!-- method navigator-link -->
                      </span>
                      <br/>
                      <span>
                        <img src="passed.png" width="3%"/>
                        <a href="#" panel-name="suite-Suite" title="org.testCases.SocialMediaLink" class="method navigator-link" hash-for-method="x">x</a> <!-- method navigator-link -->
                      </span>
                      <br/>
                    </div> <!-- method-list-content passed suite-Suite -->
                  </li>
                </ul>
              </div> <!-- suite-section-content -->
            </div> <!-- result-section -->
          </div> <!-- navigator-suite-content -->
        </div> <!-- rounded-window -->
      </div> <!-- suite -->
    </div> <!-- navigator-root -->
    <div class="wrapper">
      <div class="main-panel-root">
        <div panel-name="suite-Suite" class="panel Suite">
          <div class="suite-Suite-class-failed">
            <div class="main-panel-header rounded-window-top">
              <img src="failed.png"/>
              <span class="class-name">org.testCases.CaseStudies</span>
            </div> <!-- main-panel-header rounded-window-top -->
            <div class="main-panel-content rounded-window-bottom">
              <div class="method">
                <div class="method-content">
                  <a name="enhancingOperations">
                  </a> <!-- enhancingOperations -->
                  <span class="method-name">enhancingOperations</span>
                  <div class="stack-trace">org.openqa.selenium.NoSuchElementException: no such element: Unable to locate element: {&quot;method&quot;:&quot;xpath&quot;,&quot;selector&quot;:&quot;//div[@class=&apos;industries-grid&apos;]//h3[text()=&apos;Enhancing Operations with Manufacturing Data System&apos;]&quot;}
  (Session info: chrome=139.0.7258.128)
For documentation on this error, please visit: https://www.selenium.dev/documentation/webdriver/troubleshooting/errors#no-such-element-exception
Build info: version: &apos;4.16.1&apos;, revision: &apos;9b4c83354e&apos;
System info: os.name: &apos;Windows 11&apos;, os.arch: &apos;amd64&apos;, os.version: &apos;10.0&apos;, java.version: &apos;21.0.4&apos;
Driver info: org.openqa.selenium.chrome.ChromeDriver
Command: [c02806d1a18064b04cd6e5112b086dc8, findElement {using=xpath, value=//div[@class=&apos;industries-grid&apos;]//h3[text()=&apos;Enhancing Operations with Manufacturing Data System&apos;]}]
Capabilities {acceptInsecureCerts: true, browserName: chrome, browserVersion: 139.0.7258.128, chrome: {chromedriverVersion: 139.0.7258.138 (884e54ea8d4..., userDataDir: C:\Users\SHEIKS~1.A\AppData...}, fedcm:accounts: true, goog:chromeOptions: {debuggerAddress: localhost:63357}, networkConnectionEnabled: false, pageLoadStrategy: normal, platformName: windows, proxy: Proxy(), se:cdp: ws://localhost:63357/devtoo..., se:cdpVersion: 139.0.7258.128, setWindowRect: true, strictFileInteractability: false, timeouts: {implicit: 0, pageLoad: 300000, script: 30000}, unhandledPromptBehavior: dismiss and notify, webauthn:extension:credBlob: true, webauthn:extension:largeBlob: true, webauthn:extension:minPinLength: true, webauthn:extension:prf: true, webauthn:virtualAuthenticators: true}
Session ID: c02806d1a18064b04cd6e5112b086dc8
	at org.openqa.selenium.remote.codec.w3c.W3CHttpResponseCodec.createException(W3CHttpResponseCodec.java:200)
	at org.openqa.selenium.remote.codec.w3c.W3CHttpResponseCodec.decode(W3CHttpResponseCodec.java:133)
	at org.openqa.selenium.remote.codec.w3c.W3CHttpResponseCodec.decode(W3CHttpResponseCodec.java:52)
	at org.openqa.selenium.remote.HttpCommandExecutor.execute(HttpCommandExecutor.java:191)
	at org.openqa.selenium.remote.service.DriverCommandExecutor.invokeExecute(DriverCommandExecutor.java:200)
	at org.openqa.selenium.remote.service.DriverCommandExecutor.execute(DriverCommandExecutor.java:175)
	at org.openqa.selenium.remote.RemoteWebDriver.execute(RemoteWebDriver.java:523)
	at org.openqa.selenium.remote.ElementLocation$ElementFinder$2.findElement(ElementLocation.java:165)
	at org.openqa.selenium.remote.ElementLocation.findElement(ElementLocation.java:59)
	at org.openqa.selenium.remote.RemoteWebDriver.findElement(RemoteWebDriver.java:360)
	at org.openqa.selenium.remote.RemoteWebDriver.findElement(RemoteWebDriver.java:354)
	at org.openqa.selenium.support.pagefactory.DefaultElementLocator.findElement(DefaultElementLocator.java:68)
	at org.openqa.selenium.support.pagefactory.internal.LocatingElementHandler.invoke(LocatingElementHandler.java:38)
	at jdk.proxy2/jdk.proxy2.$Proxy17.getWrappedElement(Unknown Source)
	at org.openqa.selenium.remote.internal.WebElementToJsonConverter.apply(WebElementToJsonConverter.java:51)
	at java.base/java.util.stream.ReferencePipeline$3$1.accept(ReferencePipeline.java:197)
	at java.base/java.util.Spliterators$ArraySpliterator.forEachRemaining(Spliterators.java:1024)
	at java.base/java.util.stream.AbstractPipeline.copyInto(AbstractPipeline.java:509)
	at java.base/java.util.stream.AbstractPipeline.wrapAndCopyInto(AbstractPipeline.java:499)
	at java.base/java.util.stream.ReduceOps$ReduceOp.evaluateSequential(ReduceOps.java:921)
	at java.base/java.util.stream.AbstractPipeline.evaluate(AbstractPipeline.java:234)
	at java.base/java.util.stream.ReferencePipeline.collect(ReferencePipeline.java:682)
	at org.openqa.selenium.remote.RemoteWebDriver.executeScript(RemoteWebDriver.java:466)
	at com.base.Base.scrollToElement(Base.java:141)
	at org.testCases.CaseStudies.enhancingOperations(CaseStudies.java:384)
	at java.base/java.util.ArrayList.forEach(ArrayList.java:1596)
... Removed 28 stack frames
</div> <!-- stack-trace -->
                  <em>
(Downloading Enhancing Operations with Manufacturing Data System case studies)                  </em>
                </div> <!-- method-content -->
              </div> <!-- method -->
              <div class="method">
                <div class="method-content">
                  <a name="healthcareCaseStudies">
                  </a> <!-- healthcareCaseStudies -->
                  <span class="method-name">healthcareCaseStudies</span>
                  <div class="stack-trace">org.openqa.selenium.NoSuchElementException: no such element: Unable to locate element: {&quot;method&quot;:&quot;xpath&quot;,&quot;selector&quot;:&quot;(//div[@class=&apos;industry-content&apos;])[1]&quot;}
  (Session info: chrome=139.0.7258.128)
For documentation on this error, please visit: https://www.selenium.dev/documentation/webdriver/troubleshooting/errors#no-such-element-exception
Build info: version: &apos;4.16.1&apos;, revision: &apos;9b4c83354e&apos;
System info: os.name: &apos;Windows 11&apos;, os.arch: &apos;amd64&apos;, os.version: &apos;10.0&apos;, java.version: &apos;21.0.4&apos;
Driver info: org.openqa.selenium.chrome.ChromeDriver
Command: [c02806d1a18064b04cd6e5112b086dc8, findElement {using=xpath, value=(//div[@class=&apos;industry-content&apos;])[1]}]
Capabilities {acceptInsecureCerts: true, browserName: chrome, browserVersion: 139.0.7258.128, chrome: {chromedriverVersion: 139.0.7258.138 (884e54ea8d4..., userDataDir: C:\Users\SHEIKS~1.A\AppData...}, fedcm:accounts: true, goog:chromeOptions: {debuggerAddress: localhost:63357}, networkConnectionEnabled: false, pageLoadStrategy: normal, platformName: windows, proxy: Proxy(), se:cdp: ws://localhost:63357/devtoo..., se:cdpVersion: 139.0.7258.128, setWindowRect: true, strictFileInteractability: false, timeouts: {implicit: 0, pageLoad: 300000, script: 30000}, unhandledPromptBehavior: dismiss and notify, webauthn:extension:credBlob: true, webauthn:extension:largeBlob: true, webauthn:extension:minPinLength: true, webauthn:extension:prf: true, webauthn:virtualAuthenticators: true}
Session ID: c02806d1a18064b04cd6e5112b086dc8
	at org.openqa.selenium.remote.codec.w3c.W3CHttpResponseCodec.createException(W3CHttpResponseCodec.java:200)
	at org.openqa.selenium.remote.codec.w3c.W3CHttpResponseCodec.decode(W3CHttpResponseCodec.java:133)
	at org.openqa.selenium.remote.codec.w3c.W3CHttpResponseCodec.decode(W3CHttpResponseCodec.java:52)
	at org.openqa.selenium.remote.HttpCommandExecutor.execute(HttpCommandExecutor.java:191)
	at org.openqa.selenium.remote.service.DriverCommandExecutor.invokeExecute(DriverCommandExecutor.java:200)
	at org.openqa.selenium.remote.service.DriverCommandExecutor.execute(DriverCommandExecutor.java:175)
	at org.openqa.selenium.remote.RemoteWebDriver.execute(RemoteWebDriver.java:523)
	at org.openqa.selenium.remote.ElementLocation$ElementFinder$2.findElement(ElementLocation.java:165)
	at org.openqa.selenium.remote.ElementLocation.findElement(ElementLocation.java:59)
	at org.openqa.selenium.remote.RemoteWebDriver.findElement(RemoteWebDriver.java:360)
	at org.openqa.selenium.remote.RemoteWebDriver.findElement(RemoteWebDriver.java:354)
	at org.openqa.selenium.support.pagefactory.DefaultElementLocator.findElement(DefaultElementLocator.java:68)
	at org.openqa.selenium.support.pagefactory.internal.LocatingElementHandler.invoke(LocatingElementHandler.java:38)
	at jdk.proxy2/jdk.proxy2.$Proxy17.getWrappedElement(Unknown Source)
	at org.openqa.selenium.remote.internal.WebElementToJsonConverter.apply(WebElementToJsonConverter.java:51)
	at java.base/java.util.stream.ReferencePipeline$3$1.accept(ReferencePipeline.java:197)
	at java.base/java.util.Spliterators$ArraySpliterator.forEachRemaining(Spliterators.java:1024)
	at java.base/java.util.stream.AbstractPipeline.copyInto(AbstractPipeline.java:509)
	at java.base/java.util.stream.AbstractPipeline.wrapAndCopyInto(AbstractPipeline.java:499)
	at java.base/java.util.stream.ReduceOps$ReduceOp.evaluateSequential(ReduceOps.java:921)
	at java.base/java.util.stream.AbstractPipeline.evaluate(AbstractPipeline.java:234)
	at java.base/java.util.stream.ReferencePipeline.collect(ReferencePipeline.java:682)
	at org.openqa.selenium.remote.RemoteWebDriver.executeScript(RemoteWebDriver.java:466)
	at com.base.Base.scrollToElement(Base.java:141)
	at org.testCases.CaseStudies.healthcareCaseStudies(CaseStudies.java:113)
	at java.base/java.util.ArrayList.forEach(ArrayList.java:1596)
... Removed 28 stack frames
</div> <!-- stack-trace -->
                  <em>
(Downloading healthcare tech case studies)                  </em>
                </div> <!-- method-content -->
              </div> <!-- method -->
              <div class="method">
                <div class="method-content">
                  <a name="legacy">
                  </a> <!-- legacy -->
                  <span class="method-name">legacy</span>
                  <div class="stack-trace">org.openqa.selenium.NoSuchElementException: no such element: Unable to locate element: {&quot;method&quot;:&quot;xpath&quot;,&quot;selector&quot;:&quot;//div[@class=&apos;industries-grid&apos;]//h3[text()=&apos;Legacy to Central: Student Info System Upgrade&apos;]&quot;}
  (Session info: chrome=139.0.7258.128)
For documentation on this error, please visit: https://www.selenium.dev/documentation/webdriver/troubleshooting/errors#no-such-element-exception
Build info: version: &apos;4.16.1&apos;, revision: &apos;9b4c83354e&apos;
System info: os.name: &apos;Windows 11&apos;, os.arch: &apos;amd64&apos;, os.version: &apos;10.0&apos;, java.version: &apos;21.0.4&apos;
Driver info: org.openqa.selenium.chrome.ChromeDriver
Command: [c02806d1a18064b04cd6e5112b086dc8, findElement {using=xpath, value=//div[@class=&apos;industries-grid&apos;]//h3[text()=&apos;Legacy to Central: Student Info System Upgrade&apos;]}]
Capabilities {acceptInsecureCerts: true, browserName: chrome, browserVersion: 139.0.7258.128, chrome: {chromedriverVersion: 139.0.7258.138 (884e54ea8d4..., userDataDir: C:\Users\SHEIKS~1.A\AppData...}, fedcm:accounts: true, goog:chromeOptions: {debuggerAddress: localhost:63357}, networkConnectionEnabled: false, pageLoadStrategy: normal, platformName: windows, proxy: Proxy(), se:cdp: ws://localhost:63357/devtoo..., se:cdpVersion: 139.0.7258.128, setWindowRect: true, strictFileInteractability: false, timeouts: {implicit: 0, pageLoad: 300000, script: 30000}, unhandledPromptBehavior: dismiss and notify, webauthn:extension:credBlob: true, webauthn:extension:largeBlob: true, webauthn:extension:minPinLength: true, webauthn:extension:prf: true, webauthn:virtualAuthenticators: true}
Session ID: c02806d1a18064b04cd6e5112b086dc8
	at org.openqa.selenium.remote.codec.w3c.W3CHttpResponseCodec.createException(W3CHttpResponseCodec.java:200)
	at org.openqa.selenium.remote.codec.w3c.W3CHttpResponseCodec.decode(W3CHttpResponseCodec.java:133)
	at org.openqa.selenium.remote.codec.w3c.W3CHttpResponseCodec.decode(W3CHttpResponseCodec.java:52)
	at org.openqa.selenium.remote.HttpCommandExecutor.execute(HttpCommandExecutor.java:191)
	at org.openqa.selenium.remote.service.DriverCommandExecutor.invokeExecute(DriverCommandExecutor.java:200)
	at org.openqa.selenium.remote.service.DriverCommandExecutor.execute(DriverCommandExecutor.java:175)
	at org.openqa.selenium.remote.RemoteWebDriver.execute(RemoteWebDriver.java:523)
	at org.openqa.selenium.remote.ElementLocation$ElementFinder$2.findElement(ElementLocation.java:165)
	at org.openqa.selenium.remote.ElementLocation.findElement(ElementLocation.java:59)
	at org.openqa.selenium.remote.RemoteWebDriver.findElement(RemoteWebDriver.java:360)
	at org.openqa.selenium.remote.RemoteWebDriver.findElement(RemoteWebDriver.java:354)
	at org.openqa.selenium.support.pagefactory.DefaultElementLocator.findElement(DefaultElementLocator.java:68)
	at org.openqa.selenium.support.pagefactory.internal.LocatingElementHandler.invoke(LocatingElementHandler.java:38)
	at jdk.proxy2/jdk.proxy2.$Proxy17.getWrappedElement(Unknown Source)
	at org.openqa.selenium.remote.internal.WebElementToJsonConverter.apply(WebElementToJsonConverter.java:51)
	at java.base/java.util.stream.ReferencePipeline$3$1.accept(ReferencePipeline.java:197)
	at java.base/java.util.Spliterators$ArraySpliterator.forEachRemaining(Spliterators.java:1024)
	at java.base/java.util.stream.AbstractPipeline.copyInto(AbstractPipeline.java:509)
	at java.base/java.util.stream.AbstractPipeline.wrapAndCopyInto(AbstractPipeline.java:499)
	at java.base/java.util.stream.ReduceOps$ReduceOp.evaluateSequential(ReduceOps.java:921)
	at java.base/java.util.stream.AbstractPipeline.evaluate(AbstractPipeline.java:234)
	at java.base/java.util.stream.ReferencePipeline.collect(ReferencePipeline.java:682)
	at org.openqa.selenium.remote.RemoteWebDriver.executeScript(RemoteWebDriver.java:466)
	at com.base.Base.scrollToElement(Base.java:141)
	at org.testCases.CaseStudies.legacy(CaseStudies.java:317)
	at java.base/java.util.ArrayList.forEach(ArrayList.java:1596)
... Removed 28 stack frames
</div> <!-- stack-trace -->
                  <em>
(Downloading Legacy to Central: Student Info System Upgrade case studies)                  </em>
                </div> <!-- method-content -->
              </div> <!-- method -->
              <div class="method">
                <div class="method-content">
                  <a name="migrationCaseStudies">
                  </a> <!-- migrationCaseStudies -->
                  <span class="method-name">migrationCaseStudies</span>
                  <div class="stack-trace">org.openqa.selenium.NoSuchElementException: no such element: Unable to locate element: {&quot;method&quot;:&quot;xpath&quot;,&quot;selector&quot;:&quot;(//div[@class=&apos;industry-content&apos;])[1]&quot;}
  (Session info: chrome=139.0.7258.128)
For documentation on this error, please visit: https://www.selenium.dev/documentation/webdriver/troubleshooting/errors#no-such-element-exception
Build info: version: &apos;4.16.1&apos;, revision: &apos;9b4c83354e&apos;
System info: os.name: &apos;Windows 11&apos;, os.arch: &apos;amd64&apos;, os.version: &apos;10.0&apos;, java.version: &apos;21.0.4&apos;
Driver info: org.openqa.selenium.chrome.ChromeDriver
Command: [c02806d1a18064b04cd6e5112b086dc8, findElement {using=xpath, value=(//div[@class=&apos;industry-content&apos;])[1]}]
Capabilities {acceptInsecureCerts: true, browserName: chrome, browserVersion: 139.0.7258.128, chrome: {chromedriverVersion: 139.0.7258.138 (884e54ea8d4..., userDataDir: C:\Users\SHEIKS~1.A\AppData...}, fedcm:accounts: true, goog:chromeOptions: {debuggerAddress: localhost:63357}, networkConnectionEnabled: false, pageLoadStrategy: normal, platformName: windows, proxy: Proxy(), se:cdp: ws://localhost:63357/devtoo..., se:cdpVersion: 139.0.7258.128, setWindowRect: true, strictFileInteractability: false, timeouts: {implicit: 0, pageLoad: 300000, script: 30000}, unhandledPromptBehavior: dismiss and notify, webauthn:extension:credBlob: true, webauthn:extension:largeBlob: true, webauthn:extension:minPinLength: true, webauthn:extension:prf: true, webauthn:virtualAuthenticators: true}
Session ID: c02806d1a18064b04cd6e5112b086dc8
	at org.openqa.selenium.remote.codec.w3c.W3CHttpResponseCodec.createException(W3CHttpResponseCodec.java:200)
	at org.openqa.selenium.remote.codec.w3c.W3CHttpResponseCodec.decode(W3CHttpResponseCodec.java:133)
	at org.openqa.selenium.remote.codec.w3c.W3CHttpResponseCodec.decode(W3CHttpResponseCodec.java:52)
	at org.openqa.selenium.remote.HttpCommandExecutor.execute(HttpCommandExecutor.java:191)
	at org.openqa.selenium.remote.service.DriverCommandExecutor.invokeExecute(DriverCommandExecutor.java:200)
	at org.openqa.selenium.remote.service.DriverCommandExecutor.execute(DriverCommandExecutor.java:175)
	at org.openqa.selenium.remote.RemoteWebDriver.execute(RemoteWebDriver.java:523)
	at org.openqa.selenium.remote.ElementLocation$ElementFinder$2.findElement(ElementLocation.java:165)
	at org.openqa.selenium.remote.ElementLocation.findElement(ElementLocation.java:59)
	at org.openqa.selenium.remote.RemoteWebDriver.findElement(RemoteWebDriver.java:360)
	at org.openqa.selenium.remote.RemoteWebDriver.findElement(RemoteWebDriver.java:354)
	at org.openqa.selenium.support.pagefactory.DefaultElementLocator.findElement(DefaultElementLocator.java:68)
	at org.openqa.selenium.support.pagefactory.internal.LocatingElementHandler.invoke(LocatingElementHandler.java:38)
	at jdk.proxy2/jdk.proxy2.$Proxy17.getWrappedElement(Unknown Source)
	at org.openqa.selenium.remote.internal.WebElementToJsonConverter.apply(WebElementToJsonConverter.java:51)
	at java.base/java.util.stream.ReferencePipeline$3$1.accept(ReferencePipeline.java:197)
	at java.base/java.util.Spliterators$ArraySpliterator.forEachRemaining(Spliterators.java:1024)
	at java.base/java.util.stream.AbstractPipeline.copyInto(AbstractPipeline.java:509)
	at java.base/java.util.stream.AbstractPipeline.wrapAndCopyInto(AbstractPipeline.java:499)
	at java.base/java.util.stream.ReduceOps$ReduceOp.evaluateSequential(ReduceOps.java:921)
	at java.base/java.util.stream.AbstractPipeline.evaluate(AbstractPipeline.java:234)
	at java.base/java.util.stream.ReferencePipeline.collect(ReferencePipeline.java:682)
	at org.openqa.selenium.remote.RemoteWebDriver.executeScript(RemoteWebDriver.java:466)
	at com.base.Base.scrollToElement(Base.java:141)
	at org.testCases.CaseStudies.migrationCaseStudies(CaseStudies.java:147)
	at java.base/java.util.ArrayList.forEach(ArrayList.java:1596)
... Removed 28 stack frames
</div> <!-- stack-trace -->
                  <em>
(Downloading Migrating VB6 App to .NET Core case studies)                  </em>
                </div> <!-- method-content -->
              </div> <!-- method -->
              <div class="method">
                <div class="method-content">
                  <a name="modernizingSales">
                  </a> <!-- modernizingSales -->
                  <span class="method-name">modernizingSales</span>
                  <div class="stack-trace">org.openqa.selenium.NoSuchElementException: no such element: Unable to locate element: {&quot;method&quot;:&quot;xpath&quot;,&quot;selector&quot;:&quot;//div[@class=&apos;industries-grid&apos;]//h3[text()=&apos;Modernizing Sales Insights via Reverse Engineering&apos;]&quot;}
  (Session info: chrome=139.0.7258.128)
For documentation on this error, please visit: https://www.selenium.dev/documentation/webdriver/troubleshooting/errors#no-such-element-exception
Build info: version: &apos;4.16.1&apos;, revision: &apos;9b4c83354e&apos;
System info: os.name: &apos;Windows 11&apos;, os.arch: &apos;amd64&apos;, os.version: &apos;10.0&apos;, java.version: &apos;21.0.4&apos;
Driver info: org.openqa.selenium.chrome.ChromeDriver
Command: [c02806d1a18064b04cd6e5112b086dc8, findElement {using=xpath, value=//div[@class=&apos;industries-grid&apos;]//h3[text()=&apos;Modernizing Sales Insights via Reverse Engineering&apos;]}]
Capabilities {acceptInsecureCerts: true, browserName: chrome, browserVersion: 139.0.7258.128, chrome: {chromedriverVersion: 139.0.7258.138 (884e54ea8d4..., userDataDir: C:\Users\SHEIKS~1.A\AppData...}, fedcm:accounts: true, goog:chromeOptions: {debuggerAddress: localhost:63357}, networkConnectionEnabled: false, pageLoadStrategy: normal, platformName: windows, proxy: Proxy(), se:cdp: ws://localhost:63357/devtoo..., se:cdpVersion: 139.0.7258.128, setWindowRect: true, strictFileInteractability: false, timeouts: {implicit: 0, pageLoad: 300000, script: 30000}, unhandledPromptBehavior: dismiss and notify, webauthn:extension:credBlob: true, webauthn:extension:largeBlob: true, webauthn:extension:minPinLength: true, webauthn:extension:prf: true, webauthn:virtualAuthenticators: true}
Session ID: c02806d1a18064b04cd6e5112b086dc8
	at org.openqa.selenium.remote.codec.w3c.W3CHttpResponseCodec.createException(W3CHttpResponseCodec.java:200)
	at org.openqa.selenium.remote.codec.w3c.W3CHttpResponseCodec.decode(W3CHttpResponseCodec.java:133)
	at org.openqa.selenium.remote.codec.w3c.W3CHttpResponseCodec.decode(W3CHttpResponseCodec.java:52)
	at org.openqa.selenium.remote.HttpCommandExecutor.execute(HttpCommandExecutor.java:191)
	at org.openqa.selenium.remote.service.DriverCommandExecutor.invokeExecute(DriverCommandExecutor.java:200)
	at org.openqa.selenium.remote.service.DriverCommandExecutor.execute(DriverCommandExecutor.java:175)
	at org.openqa.selenium.remote.RemoteWebDriver.execute(RemoteWebDriver.java:523)
	at org.openqa.selenium.remote.ElementLocation$ElementFinder$2.findElement(ElementLocation.java:165)
	at org.openqa.selenium.remote.ElementLocation.findElement(ElementLocation.java:59)
	at org.openqa.selenium.remote.RemoteWebDriver.findElement(RemoteWebDriver.java:360)
	at org.openqa.selenium.remote.RemoteWebDriver.findElement(RemoteWebDriver.java:354)
	at org.openqa.selenium.support.pagefactory.DefaultElementLocator.findElement(DefaultElementLocator.java:68)
	at org.openqa.selenium.support.pagefactory.internal.LocatingElementHandler.invoke(LocatingElementHandler.java:38)
	at jdk.proxy2/jdk.proxy2.$Proxy17.getWrappedElement(Unknown Source)
	at org.openqa.selenium.remote.internal.WebElementToJsonConverter.apply(WebElementToJsonConverter.java:51)
	at java.base/java.util.stream.ReferencePipeline$3$1.accept(ReferencePipeline.java:197)
	at java.base/java.util.Spliterators$ArraySpliterator.forEachRemaining(Spliterators.java:1024)
	at java.base/java.util.stream.AbstractPipeline.copyInto(AbstractPipeline.java:509)
	at java.base/java.util.stream.AbstractPipeline.wrapAndCopyInto(AbstractPipeline.java:499)
	at java.base/java.util.stream.ReduceOps$ReduceOp.evaluateSequential(ReduceOps.java:921)
	at java.base/java.util.stream.AbstractPipeline.evaluate(AbstractPipeline.java:234)
	at java.base/java.util.stream.ReferencePipeline.collect(ReferencePipeline.java:682)
	at org.openqa.selenium.remote.RemoteWebDriver.executeScript(RemoteWebDriver.java:466)
	at com.base.Base.scrollToElement(Base.java:141)
	at org.testCases.CaseStudies.modernizingSales(CaseStudies.java:283)
	at java.base/java.util.ArrayList.forEach(ArrayList.java:1596)
... Removed 28 stack frames
</div> <!-- stack-trace -->
                  <em>
(Downloading Modernizing Sales Insights via Reverse Engineering case studies)                  </em>
                </div> <!-- method-content -->
              </div> <!-- method -->
              <div class="method">
                <div class="method-content">
                  <a name="modernizingWorkForce">
                  </a> <!-- modernizingWorkForce -->
                  <span class="method-name">modernizingWorkForce</span>
                  <div class="stack-trace">org.openqa.selenium.NoSuchElementException: no such element: Unable to locate element: {&quot;method&quot;:&quot;xpath&quot;,&quot;selector&quot;:&quot;//div[@class=&apos;industries-grid&apos;]//h3[text()=&apos;Modernizing Workforce Ops via System Integration&apos;]&quot;}
  (Session info: chrome=139.0.7258.128)
For documentation on this error, please visit: https://www.selenium.dev/documentation/webdriver/troubleshooting/errors#no-such-element-exception
Build info: version: &apos;4.16.1&apos;, revision: &apos;9b4c83354e&apos;
System info: os.name: &apos;Windows 11&apos;, os.arch: &apos;amd64&apos;, os.version: &apos;10.0&apos;, java.version: &apos;21.0.4&apos;
Driver info: org.openqa.selenium.chrome.ChromeDriver
Command: [c02806d1a18064b04cd6e5112b086dc8, findElement {using=xpath, value=//div[@class=&apos;industries-grid&apos;]//h3[text()=&apos;Modernizing Workforce Ops via System Integration&apos;]}]
Capabilities {acceptInsecureCerts: true, browserName: chrome, browserVersion: 139.0.7258.128, chrome: {chromedriverVersion: 139.0.7258.138 (884e54ea8d4..., userDataDir: C:\Users\SHEIKS~1.A\AppData...}, fedcm:accounts: true, goog:chromeOptions: {debuggerAddress: localhost:63357}, networkConnectionEnabled: false, pageLoadStrategy: normal, platformName: windows, proxy: Proxy(), se:cdp: ws://localhost:63357/devtoo..., se:cdpVersion: 139.0.7258.128, setWindowRect: true, strictFileInteractability: false, timeouts: {implicit: 0, pageLoad: 300000, script: 30000}, unhandledPromptBehavior: dismiss and notify, webauthn:extension:credBlob: true, webauthn:extension:largeBlob: true, webauthn:extension:minPinLength: true, webauthn:extension:prf: true, webauthn:virtualAuthenticators: true}
Session ID: c02806d1a18064b04cd6e5112b086dc8
	at org.openqa.selenium.remote.codec.w3c.W3CHttpResponseCodec.createException(W3CHttpResponseCodec.java:200)
	at org.openqa.selenium.remote.codec.w3c.W3CHttpResponseCodec.decode(W3CHttpResponseCodec.java:133)
	at org.openqa.selenium.remote.codec.w3c.W3CHttpResponseCodec.decode(W3CHttpResponseCodec.java:52)
	at org.openqa.selenium.remote.HttpCommandExecutor.execute(HttpCommandExecutor.java:191)
	at org.openqa.selenium.remote.service.DriverCommandExecutor.invokeExecute(DriverCommandExecutor.java:200)
	at org.openqa.selenium.remote.service.DriverCommandExecutor.execute(DriverCommandExecutor.java:175)
	at org.openqa.selenium.remote.RemoteWebDriver.execute(RemoteWebDriver.java:523)
	at org.openqa.selenium.remote.ElementLocation$ElementFinder$2.findElement(ElementLocation.java:165)
	at org.openqa.selenium.remote.ElementLocation.findElement(ElementLocation.java:59)
	at org.openqa.selenium.remote.RemoteWebDriver.findElement(RemoteWebDriver.java:360)
	at org.openqa.selenium.remote.RemoteWebDriver.findElement(RemoteWebDriver.java:354)
	at org.openqa.selenium.support.pagefactory.DefaultElementLocator.findElement(DefaultElementLocator.java:68)
	at org.openqa.selenium.support.pagefactory.internal.LocatingElementHandler.invoke(LocatingElementHandler.java:38)
	at jdk.proxy2/jdk.proxy2.$Proxy17.getWrappedElement(Unknown Source)
	at org.openqa.selenium.remote.internal.WebElementToJsonConverter.apply(WebElementToJsonConverter.java:51)
	at java.base/java.util.stream.ReferencePipeline$3$1.accept(ReferencePipeline.java:197)
	at java.base/java.util.Spliterators$ArraySpliterator.forEachRemaining(Spliterators.java:1024)
	at java.base/java.util.stream.AbstractPipeline.copyInto(AbstractPipeline.java:509)
	at java.base/java.util.stream.AbstractPipeline.wrapAndCopyInto(AbstractPipeline.java:499)
	at java.base/java.util.stream.ReduceOps$ReduceOp.evaluateSequential(ReduceOps.java:921)
	at java.base/java.util.stream.AbstractPipeline.evaluate(AbstractPipeline.java:234)
	at java.base/java.util.stream.ReferencePipeline.collect(ReferencePipeline.java:682)
	at org.openqa.selenium.remote.RemoteWebDriver.executeScript(RemoteWebDriver.java:466)
	at com.base.Base.scrollToElement(Base.java:141)
	at org.testCases.CaseStudies.modernizingWorkForce(CaseStudies.java:418)
	at java.base/java.util.ArrayList.forEach(ArrayList.java:1596)
... Removed 28 stack frames
</div> <!-- stack-trace -->
                  <em>
(Downloading Modernizing Workforce Ops via System Integration case studies)                  </em>
                </div> <!-- method-content -->
              </div> <!-- method -->
              <div class="method">
                <div class="method-content">
                  <a name="oracleForm">
                  </a> <!-- oracleForm -->
                  <span class="method-name">oracleForm</span>
                  <div class="stack-trace">org.openqa.selenium.NoSuchElementException: no such element: Unable to locate element: {&quot;method&quot;:&quot;xpath&quot;,&quot;selector&quot;:&quot;//div[@class=&apos;industries-grid&apos;]//h3[text()=&apos;Oracle Forms Transformed for the Future&apos;]&quot;}
  (Session info: chrome=139.0.7258.128)
For documentation on this error, please visit: https://www.selenium.dev/documentation/webdriver/troubleshooting/errors#no-such-element-exception
Build info: version: &apos;4.16.1&apos;, revision: &apos;9b4c83354e&apos;
System info: os.name: &apos;Windows 11&apos;, os.arch: &apos;amd64&apos;, os.version: &apos;10.0&apos;, java.version: &apos;21.0.4&apos;
Driver info: org.openqa.selenium.chrome.ChromeDriver
Command: [c02806d1a18064b04cd6e5112b086dc8, findElement {using=xpath, value=//div[@class=&apos;industries-grid&apos;]//h3[text()=&apos;Oracle Forms Transformed for the Future&apos;]}]
Capabilities {acceptInsecureCerts: true, browserName: chrome, browserVersion: 139.0.7258.128, chrome: {chromedriverVersion: 139.0.7258.138 (884e54ea8d4..., userDataDir: C:\Users\SHEIKS~1.A\AppData...}, fedcm:accounts: true, goog:chromeOptions: {debuggerAddress: localhost:63357}, networkConnectionEnabled: false, pageLoadStrategy: normal, platformName: windows, proxy: Proxy(), se:cdp: ws://localhost:63357/devtoo..., se:cdpVersion: 139.0.7258.128, setWindowRect: true, strictFileInteractability: false, timeouts: {implicit: 0, pageLoad: 300000, script: 30000}, unhandledPromptBehavior: dismiss and notify, webauthn:extension:credBlob: true, webauthn:extension:largeBlob: true, webauthn:extension:minPinLength: true, webauthn:extension:prf: true, webauthn:virtualAuthenticators: true}
Session ID: c02806d1a18064b04cd6e5112b086dc8
	at org.openqa.selenium.remote.codec.w3c.W3CHttpResponseCodec.createException(W3CHttpResponseCodec.java:200)
	at org.openqa.selenium.remote.codec.w3c.W3CHttpResponseCodec.decode(W3CHttpResponseCodec.java:133)
	at org.openqa.selenium.remote.codec.w3c.W3CHttpResponseCodec.decode(W3CHttpResponseCodec.java:52)
	at org.openqa.selenium.remote.HttpCommandExecutor.execute(HttpCommandExecutor.java:191)
	at org.openqa.selenium.remote.service.DriverCommandExecutor.invokeExecute(DriverCommandExecutor.java:200)
	at org.openqa.selenium.remote.service.DriverCommandExecutor.execute(DriverCommandExecutor.java:175)
	at org.openqa.selenium.remote.RemoteWebDriver.execute(RemoteWebDriver.java:523)
	at org.openqa.selenium.remote.ElementLocation$ElementFinder$2.findElement(ElementLocation.java:165)
	at org.openqa.selenium.remote.ElementLocation.findElement(ElementLocation.java:59)
	at org.openqa.selenium.remote.RemoteWebDriver.findElement(RemoteWebDriver.java:360)
	at org.openqa.selenium.remote.RemoteWebDriver.findElement(RemoteWebDriver.java:354)
	at org.openqa.selenium.support.pagefactory.DefaultElementLocator.findElement(DefaultElementLocator.java:68)
	at org.openqa.selenium.support.pagefactory.internal.LocatingElementHandler.invoke(LocatingElementHandler.java:38)
	at jdk.proxy2/jdk.proxy2.$Proxy17.getWrappedElement(Unknown Source)
	at org.openqa.selenium.remote.internal.WebElementToJsonConverter.apply(WebElementToJsonConverter.java:51)
	at java.base/java.util.stream.ReferencePipeline$3$1.accept(ReferencePipeline.java:197)
	at java.base/java.util.Spliterators$ArraySpliterator.forEachRemaining(Spliterators.java:1024)
	at java.base/java.util.stream.AbstractPipeline.copyInto(AbstractPipeline.java:509)
	at java.base/java.util.stream.AbstractPipeline.wrapAndCopyInto(AbstractPipeline.java:499)
	at java.base/java.util.stream.ReduceOps$ReduceOp.evaluateSequential(ReduceOps.java:921)
	at java.base/java.util.stream.AbstractPipeline.evaluate(AbstractPipeline.java:234)
	at java.base/java.util.stream.ReferencePipeline.collect(ReferencePipeline.java:682)
	at org.openqa.selenium.remote.RemoteWebDriver.executeScript(RemoteWebDriver.java:466)
	at com.base.Base.scrollToElement(Base.java:141)
	at org.testCases.CaseStudies.oracleForm(CaseStudies.java:350)
	at java.base/java.util.ArrayList.forEach(ArrayList.java:1596)
... Removed 28 stack frames
</div> <!-- stack-trace -->
                  <em>
(Downloading Oracle Forms Transformed for the Future case studies)                  </em>
                </div> <!-- method-content -->
              </div> <!-- method -->
              <div class="method">
                <div class="method-content">
                  <a name="oracleForms">
                  </a> <!-- oracleForms -->
                  <span class="method-name">oracleForms</span>
                  <div class="stack-trace">org.openqa.selenium.NoSuchElementException: no such element: Unable to locate element: {&quot;method&quot;:&quot;xpath&quot;,&quot;selector&quot;:&quot;//div[@class=&apos;industries-grid&apos;]//h3[text()=&apos;Oracle Forms Migration to Java&apos;]&quot;}
  (Session info: chrome=139.0.7258.128)
For documentation on this error, please visit: https://www.selenium.dev/documentation/webdriver/troubleshooting/errors#no-such-element-exception
Build info: version: &apos;4.16.1&apos;, revision: &apos;9b4c83354e&apos;
System info: os.name: &apos;Windows 11&apos;, os.arch: &apos;amd64&apos;, os.version: &apos;10.0&apos;, java.version: &apos;21.0.4&apos;
Driver info: org.openqa.selenium.chrome.ChromeDriver
Command: [c02806d1a18064b04cd6e5112b086dc8, findElement {using=xpath, value=//div[@class=&apos;industries-grid&apos;]//h3[text()=&apos;Oracle Forms Migration to Java&apos;]}]
Capabilities {acceptInsecureCerts: true, browserName: chrome, browserVersion: 139.0.7258.128, chrome: {chromedriverVersion: 139.0.7258.138 (884e54ea8d4..., userDataDir: C:\Users\SHEIKS~1.A\AppData...}, fedcm:accounts: true, goog:chromeOptions: {debuggerAddress: localhost:63357}, networkConnectionEnabled: false, pageLoadStrategy: normal, platformName: windows, proxy: Proxy(), se:cdp: ws://localhost:63357/devtoo..., se:cdpVersion: 139.0.7258.128, setWindowRect: true, strictFileInteractability: false, timeouts: {implicit: 0, pageLoad: 300000, script: 30000}, unhandledPromptBehavior: dismiss and notify, webauthn:extension:credBlob: true, webauthn:extension:largeBlob: true, webauthn:extension:minPinLength: true, webauthn:extension:prf: true, webauthn:virtualAuthenticators: true}
Session ID: c02806d1a18064b04cd6e5112b086dc8
	at org.openqa.selenium.remote.codec.w3c.W3CHttpResponseCodec.createException(W3CHttpResponseCodec.java:200)
	at org.openqa.selenium.remote.codec.w3c.W3CHttpResponseCodec.decode(W3CHttpResponseCodec.java:133)
	at org.openqa.selenium.remote.codec.w3c.W3CHttpResponseCodec.decode(W3CHttpResponseCodec.java:52)
	at org.openqa.selenium.remote.HttpCommandExecutor.execute(HttpCommandExecutor.java:191)
	at org.openqa.selenium.remote.service.DriverCommandExecutor.invokeExecute(DriverCommandExecutor.java:200)
	at org.openqa.selenium.remote.service.DriverCommandExecutor.execute(DriverCommandExecutor.java:175)
	at org.openqa.selenium.remote.RemoteWebDriver.execute(RemoteWebDriver.java:523)
	at org.openqa.selenium.remote.ElementLocation$ElementFinder$2.findElement(ElementLocation.java:165)
	at org.openqa.selenium.remote.ElementLocation.findElement(ElementLocation.java:59)
	at org.openqa.selenium.remote.RemoteWebDriver.findElement(RemoteWebDriver.java:360)
	at org.openqa.selenium.remote.RemoteWebDriver.findElement(RemoteWebDriver.java:354)
	at org.openqa.selenium.support.pagefactory.DefaultElementLocator.findElement(DefaultElementLocator.java:68)
	at org.openqa.selenium.support.pagefactory.internal.LocatingElementHandler.invoke(LocatingElementHandler.java:38)
	at jdk.proxy2/jdk.proxy2.$Proxy17.getWrappedElement(Unknown Source)
	at org.openqa.selenium.remote.internal.WebElementToJsonConverter.apply(WebElementToJsonConverter.java:51)
	at java.base/java.util.stream.ReferencePipeline$3$1.accept(ReferencePipeline.java:197)
	at java.base/java.util.Spliterators$ArraySpliterator.forEachRemaining(Spliterators.java:1024)
	at java.base/java.util.stream.AbstractPipeline.copyInto(AbstractPipeline.java:509)
	at java.base/java.util.stream.AbstractPipeline.wrapAndCopyInto(AbstractPipeline.java:499)
	at java.base/java.util.stream.ReduceOps$ReduceOp.evaluateSequential(ReduceOps.java:921)
	at java.base/java.util.stream.AbstractPipeline.evaluate(AbstractPipeline.java:234)
	at java.base/java.util.stream.ReferencePipeline.collect(ReferencePipeline.java:682)
	at org.openqa.selenium.remote.RemoteWebDriver.executeScript(RemoteWebDriver.java:466)
	at com.base.Base.scrollToElement(Base.java:141)
	at org.testCases.CaseStudies.oracleForms(CaseStudies.java:215)
	at java.base/java.util.ArrayList.forEach(ArrayList.java:1596)
... Removed 28 stack frames
</div> <!-- stack-trace -->
                  <em>
(Downloading Oracle Forms Migration to Java case studies)                  </em>
                </div> <!-- method-content -->
              </div> <!-- method -->
              <div class="method">
                <div class="method-content">
                  <a name="runwayAnalysis">
                  </a> <!-- runwayAnalysis -->
                  <span class="method-name">runwayAnalysis</span>
                  <div class="stack-trace">org.openqa.selenium.NoSuchElementException: no such element: Unable to locate element: {&quot;method&quot;:&quot;xpath&quot;,&quot;selector&quot;:&quot;//div[@class=&apos;industries-grid&apos;]//h3[text()=&apos;Runway Analysis App Upgraded for Web Access&apos;]&quot;}
  (Session info: chrome=139.0.7258.128)
For documentation on this error, please visit: https://www.selenium.dev/documentation/webdriver/troubleshooting/errors#no-such-element-exception
Build info: version: &apos;4.16.1&apos;, revision: &apos;9b4c83354e&apos;
System info: os.name: &apos;Windows 11&apos;, os.arch: &apos;amd64&apos;, os.version: &apos;10.0&apos;, java.version: &apos;21.0.4&apos;
Driver info: org.openqa.selenium.chrome.ChromeDriver
Command: [c02806d1a18064b04cd6e5112b086dc8, findElement {using=xpath, value=//div[@class=&apos;industries-grid&apos;]//h3[text()=&apos;Runway Analysis App Upgraded for Web Access&apos;]}]
Capabilities {acceptInsecureCerts: true, browserName: chrome, browserVersion: 139.0.7258.128, chrome: {chromedriverVersion: 139.0.7258.138 (884e54ea8d4..., userDataDir: C:\Users\SHEIKS~1.A\AppData...}, fedcm:accounts: true, goog:chromeOptions: {debuggerAddress: localhost:63357}, networkConnectionEnabled: false, pageLoadStrategy: normal, platformName: windows, proxy: Proxy(), se:cdp: ws://localhost:63357/devtoo..., se:cdpVersion: 139.0.7258.128, setWindowRect: true, strictFileInteractability: false, timeouts: {implicit: 0, pageLoad: 300000, script: 30000}, unhandledPromptBehavior: dismiss and notify, webauthn:extension:credBlob: true, webauthn:extension:largeBlob: true, webauthn:extension:minPinLength: true, webauthn:extension:prf: true, webauthn:virtualAuthenticators: true}
Session ID: c02806d1a18064b04cd6e5112b086dc8
	at org.openqa.selenium.remote.codec.w3c.W3CHttpResponseCodec.createException(W3CHttpResponseCodec.java:200)
	at org.openqa.selenium.remote.codec.w3c.W3CHttpResponseCodec.decode(W3CHttpResponseCodec.java:133)
	at org.openqa.selenium.remote.codec.w3c.W3CHttpResponseCodec.decode(W3CHttpResponseCodec.java:52)
	at org.openqa.selenium.remote.HttpCommandExecutor.execute(HttpCommandExecutor.java:191)
	at org.openqa.selenium.remote.service.DriverCommandExecutor.invokeExecute(DriverCommandExecutor.java:200)
	at org.openqa.selenium.remote.service.DriverCommandExecutor.execute(DriverCommandExecutor.java:175)
	at org.openqa.selenium.remote.RemoteWebDriver.execute(RemoteWebDriver.java:523)
	at org.openqa.selenium.remote.ElementLocation$ElementFinder$2.findElement(ElementLocation.java:165)
	at org.openqa.selenium.remote.ElementLocation.findElement(ElementLocation.java:59)
	at org.openqa.selenium.remote.RemoteWebDriver.findElement(RemoteWebDriver.java:360)
	at org.openqa.selenium.remote.RemoteWebDriver.findElement(RemoteWebDriver.java:354)
	at org.openqa.selenium.support.pagefactory.DefaultElementLocator.findElement(DefaultElementLocator.java:68)
	at org.openqa.selenium.support.pagefactory.internal.LocatingElementHandler.invoke(LocatingElementHandler.java:38)
	at jdk.proxy2/jdk.proxy2.$Proxy17.getWrappedElement(Unknown Source)
	at org.openqa.selenium.remote.internal.WebElementToJsonConverter.apply(WebElementToJsonConverter.java:51)
	at java.base/java.util.stream.ReferencePipeline$3$1.accept(ReferencePipeline.java:197)
	at java.base/java.util.Spliterators$ArraySpliterator.forEachRemaining(Spliterators.java:1024)
	at java.base/java.util.stream.AbstractPipeline.copyInto(AbstractPipeline.java:509)
	at java.base/java.util.stream.AbstractPipeline.wrapAndCopyInto(AbstractPipeline.java:499)
	at java.base/java.util.stream.ReduceOps$ReduceOp.evaluateSequential(ReduceOps.java:921)
	at java.base/java.util.stream.AbstractPipeline.evaluate(AbstractPipeline.java:234)
	at java.base/java.util.stream.ReferencePipeline.collect(ReferencePipeline.java:682)
	at org.openqa.selenium.remote.RemoteWebDriver.executeScript(RemoteWebDriver.java:466)
	at com.base.Base.scrollToElement(Base.java:141)
	at org.testCases.CaseStudies.runwayAnalysis(CaseStudies.java:452)
	at java.base/java.util.ArrayList.forEach(ArrayList.java:1596)
... Removed 28 stack frames
</div> <!-- stack-trace -->
                  <em>
(Downloading Runway Analysis App Upgraded for Web Access case studies)                  </em>
                </div> <!-- method-content -->
              </div> <!-- method -->
              <div class="method">
                <div class="method-content">
                  <a name="scalableAndSecure">
                  </a> <!-- scalableAndSecure -->
                  <span class="method-name">scalableAndSecure</span>
                  <div class="stack-trace">org.openqa.selenium.NoSuchElementException: no such element: Unable to locate element: {&quot;method&quot;:&quot;xpath&quot;,&quot;selector&quot;:&quot;//div[@class=&apos;industries-grid&apos;]//h3[text()=&apos;Scalable &amp; Secure Lending App&apos;]&quot;}
  (Session info: chrome=139.0.7258.128)
For documentation on this error, please visit: https://www.selenium.dev/documentation/webdriver/troubleshooting/errors#no-such-element-exception
Build info: version: &apos;4.16.1&apos;, revision: &apos;9b4c83354e&apos;
System info: os.name: &apos;Windows 11&apos;, os.arch: &apos;amd64&apos;, os.version: &apos;10.0&apos;, java.version: &apos;21.0.4&apos;
Driver info: org.openqa.selenium.chrome.ChromeDriver
Command: [c02806d1a18064b04cd6e5112b086dc8, findElement {using=xpath, value=//div[@class=&apos;industries-grid&apos;]//h3[text()=&apos;Scalable &amp; Secure Lending App&apos;]}]
Capabilities {acceptInsecureCerts: true, browserName: chrome, browserVersion: 139.0.7258.128, chrome: {chromedriverVersion: 139.0.7258.138 (884e54ea8d4..., userDataDir: C:\Users\SHEIKS~1.A\AppData...}, fedcm:accounts: true, goog:chromeOptions: {debuggerAddress: localhost:63357}, networkConnectionEnabled: false, pageLoadStrategy: normal, platformName: windows, proxy: Proxy(), se:cdp: ws://localhost:63357/devtoo..., se:cdpVersion: 139.0.7258.128, setWindowRect: true, strictFileInteractability: false, timeouts: {implicit: 0, pageLoad: 300000, script: 30000}, unhandledPromptBehavior: dismiss and notify, webauthn:extension:credBlob: true, webauthn:extension:largeBlob: true, webauthn:extension:minPinLength: true, webauthn:extension:prf: true, webauthn:virtualAuthenticators: true}
Session ID: c02806d1a18064b04cd6e5112b086dc8
	at org.openqa.selenium.remote.codec.w3c.W3CHttpResponseCodec.createException(W3CHttpResponseCodec.java:200)
	at org.openqa.selenium.remote.codec.w3c.W3CHttpResponseCodec.decode(W3CHttpResponseCodec.java:133)
	at org.openqa.selenium.remote.codec.w3c.W3CHttpResponseCodec.decode(W3CHttpResponseCodec.java:52)
	at org.openqa.selenium.remote.HttpCommandExecutor.execute(HttpCommandExecutor.java:191)
	at org.openqa.selenium.remote.service.DriverCommandExecutor.invokeExecute(DriverCommandExecutor.java:200)
	at org.openqa.selenium.remote.service.DriverCommandExecutor.execute(DriverCommandExecutor.java:175)
	at org.openqa.selenium.remote.RemoteWebDriver.execute(RemoteWebDriver.java:523)
	at org.openqa.selenium.remote.ElementLocation$ElementFinder$2.findElement(ElementLocation.java:165)
	at org.openqa.selenium.remote.ElementLocation.findElement(ElementLocation.java:59)
	at org.openqa.selenium.remote.RemoteWebDriver.findElement(RemoteWebDriver.java:360)
	at org.openqa.selenium.remote.RemoteWebDriver.findElement(RemoteWebDriver.java:354)
	at org.openqa.selenium.support.pagefactory.DefaultElementLocator.findElement(DefaultElementLocator.java:68)
	at org.openqa.selenium.support.pagefactory.internal.LocatingElementHandler.invoke(LocatingElementHandler.java:38)
	at jdk.proxy2/jdk.proxy2.$Proxy17.getWrappedElement(Unknown Source)
	at org.openqa.selenium.remote.internal.WebElementToJsonConverter.apply(WebElementToJsonConverter.java:51)
	at java.base/java.util.stream.ReferencePipeline$3$1.accept(ReferencePipeline.java:197)
	at java.base/java.util.Spliterators$ArraySpliterator.forEachRemaining(Spliterators.java:1024)
	at java.base/java.util.stream.AbstractPipeline.copyInto(AbstractPipeline.java:509)
	at java.base/java.util.stream.AbstractPipeline.wrapAndCopyInto(AbstractPipeline.java:499)
	at java.base/java.util.stream.ReduceOps$ReduceOp.evaluateSequential(ReduceOps.java:921)
	at java.base/java.util.stream.AbstractPipeline.evaluate(AbstractPipeline.java:234)
	at java.base/java.util.stream.ReferencePipeline.collect(ReferencePipeline.java:682)
	at org.openqa.selenium.remote.RemoteWebDriver.executeScript(RemoteWebDriver.java:466)
	at com.base.Base.scrollToElement(Base.java:141)
	at org.testCases.CaseStudies.scalableAndSecure(CaseStudies.java:249)
	at java.base/java.util.ArrayList.forEach(ArrayList.java:1596)
... Removed 28 stack frames
</div> <!-- stack-trace -->
                  <em>
(Downloading Scalable & Secure Lending App case studies)                  </em>
                </div> <!-- method-content -->
              </div> <!-- method -->
              <div class="method">
                <div class="method-content">
                  <a name="ubuntuUpgrade">
                  </a> <!-- ubuntuUpgrade -->
                  <span class="method-name">ubuntuUpgrade</span>
                  <div class="stack-trace">org.openqa.selenium.NoSuchElementException: no such element: Unable to locate element: {&quot;method&quot;:&quot;xpath&quot;,&quot;selector&quot;:&quot;//div[@class=&apos;industries-grid&apos;]//h3[text()=&apos;Ubuntu Upgrade: 14.04 to 22.04 Transition&apos;]&quot;}
  (Session info: chrome=139.0.7258.128)
For documentation on this error, please visit: https://www.selenium.dev/documentation/webdriver/troubleshooting/errors#no-such-element-exception
Build info: version: &apos;4.16.1&apos;, revision: &apos;9b4c83354e&apos;
System info: os.name: &apos;Windows 11&apos;, os.arch: &apos;amd64&apos;, os.version: &apos;10.0&apos;, java.version: &apos;21.0.4&apos;
Driver info: org.openqa.selenium.chrome.ChromeDriver
Command: [c02806d1a18064b04cd6e5112b086dc8, findElement {using=xpath, value=//div[@class=&apos;industries-grid&apos;]//h3[text()=&apos;Ubuntu Upgrade: 14.04 to 22.04 Transition&apos;]}]
Capabilities {acceptInsecureCerts: true, browserName: chrome, browserVersion: 139.0.7258.128, chrome: {chromedriverVersion: 139.0.7258.138 (884e54ea8d4..., userDataDir: C:\Users\SHEIKS~1.A\AppData...}, fedcm:accounts: true, goog:chromeOptions: {debuggerAddress: localhost:63357}, networkConnectionEnabled: false, pageLoadStrategy: normal, platformName: windows, proxy: Proxy(), se:cdp: ws://localhost:63357/devtoo..., se:cdpVersion: 139.0.7258.128, setWindowRect: true, strictFileInteractability: false, timeouts: {implicit: 0, pageLoad: 300000, script: 30000}, unhandledPromptBehavior: dismiss and notify, webauthn:extension:credBlob: true, webauthn:extension:largeBlob: true, webauthn:extension:minPinLength: true, webauthn:extension:prf: true, webauthn:virtualAuthenticators: true}
Session ID: c02806d1a18064b04cd6e5112b086dc8
	at org.openqa.selenium.remote.codec.w3c.W3CHttpResponseCodec.createException(W3CHttpResponseCodec.java:200)
	at org.openqa.selenium.remote.codec.w3c.W3CHttpResponseCodec.decode(W3CHttpResponseCodec.java:133)
	at org.openqa.selenium.remote.codec.w3c.W3CHttpResponseCodec.decode(W3CHttpResponseCodec.java:52)
	at org.openqa.selenium.remote.HttpCommandExecutor.execute(HttpCommandExecutor.java:191)
	at org.openqa.selenium.remote.service.DriverCommandExecutor.invokeExecute(DriverCommandExecutor.java:200)
	at org.openqa.selenium.remote.service.DriverCommandExecutor.execute(DriverCommandExecutor.java:175)
	at org.openqa.selenium.remote.RemoteWebDriver.execute(RemoteWebDriver.java:523)
	at org.openqa.selenium.remote.ElementLocation$ElementFinder$2.findElement(ElementLocation.java:165)
	at org.openqa.selenium.remote.ElementLocation.findElement(ElementLocation.java:59)
	at org.openqa.selenium.remote.RemoteWebDriver.findElement(RemoteWebDriver.java:360)
	at org.openqa.selenium.remote.RemoteWebDriver.findElement(RemoteWebDriver.java:354)
	at org.openqa.selenium.support.pagefactory.DefaultElementLocator.findElement(DefaultElementLocator.java:68)
	at org.openqa.selenium.support.pagefactory.internal.LocatingElementHandler.invoke(LocatingElementHandler.java:38)
	at jdk.proxy2/jdk.proxy2.$Proxy17.getWrappedElement(Unknown Source)
	at org.openqa.selenium.remote.internal.WebElementToJsonConverter.apply(WebElementToJsonConverter.java:51)
	at java.base/java.util.stream.ReferencePipeline$3$1.accept(ReferencePipeline.java:197)
	at java.base/java.util.Spliterators$ArraySpliterator.forEachRemaining(Spliterators.java:1024)
	at java.base/java.util.stream.AbstractPipeline.copyInto(AbstractPipeline.java:509)
	at java.base/java.util.stream.AbstractPipeline.wrapAndCopyInto(AbstractPipeline.java:499)
	at java.base/java.util.stream.ReduceOps$ReduceOp.evaluateSequential(ReduceOps.java:921)
	at java.base/java.util.stream.AbstractPipeline.evaluate(AbstractPipeline.java:234)
	at java.base/java.util.stream.ReferencePipeline.collect(ReferencePipeline.java:682)
	at org.openqa.selenium.remote.RemoteWebDriver.executeScript(RemoteWebDriver.java:466)
	at com.base.Base.scrollToElement(Base.java:141)
	at org.testCases.CaseStudies.ubuntuUpgrade(CaseStudies.java:181)
	at java.base/java.util.ArrayList.forEach(ArrayList.java:1596)
... Removed 28 stack frames
</div> <!-- stack-trace -->
                  <em>
(Downloading Ubuntu Upgrade: 14.04 to 22.04 Transition case studies)                  </em>
                </div> <!-- method-content -->
              </div> <!-- method -->
            </div> <!-- main-panel-content rounded-window-bottom -->
          </div> <!-- suite-Suite-class-failed -->
          <div class="suite-Suite-class-passed">
            <div class="main-panel-header rounded-window-top">
              <img src="passed.png"/>
              <span class="class-name">org.testCases.AboutUs</span>
            </div> <!-- main-panel-header rounded-window-top -->
            <div class="main-panel-content rounded-window-bottom">
              <div class="method">
                <div class="method-content">
                  <a name="aboutUs">
                  </a> <!-- aboutUs -->
                  <span class="method-name">aboutUs</span>
                  <em>
(Verify aboutus page load)                  </em>
                </div> <!-- method-content -->
              </div> <!-- method -->
              <div class="method">
                <div class="method-content">
                  <a name="allLinksAccessibility">
                  </a> <!-- allLinksAccessibility -->
                  <span class="method-name">allLinksAccessibility</span>
                  <em>
(Verify all links are accessible)                  </em>
                </div> <!-- method-content -->
              </div> <!-- method -->
              <div class="method">
                <div class="method-content">
                  <a name="leaderShip">
                  </a> <!-- leaderShip -->
                  <span class="method-name">leaderShip</span>
                  <em>
(navigating to leadership page from aboutus)                  </em>
                </div> <!-- method-content -->
              </div> <!-- method -->
              <div class="method">
                <div class="method-content">
                  <a name="mainHeading">
                  </a> <!-- mainHeading -->
                  <span class="method-name">mainHeading</span>
                  <em>
(Verify main heading is displayed)                  </em>
                </div> <!-- method-content -->
              </div> <!-- method -->
              <div class="method">
                <div class="method-content">
                  <a name="ourLocation">
                  </a> <!-- ourLocation -->
                  <span class="method-name">ourLocation</span>
                  <em>
(navigating to the our location page from aboutus)                  </em>
                </div> <!-- method-content -->
              </div> <!-- method -->
            </div> <!-- main-panel-content rounded-window-bottom -->
          </div> <!-- suite-Suite-class-passed -->
          <div class="suite-Suite-class-passed">
            <div class="main-panel-header rounded-window-top">
              <img src="passed.png"/>
              <span class="class-name">org.testCases.SocialMediaLink</span>
            </div> <!-- main-panel-header rounded-window-top -->
            <div class="main-panel-content rounded-window-bottom">
              <div class="method">
                <div class="method-content">
                  <a name="fb">
                  </a> <!-- fb -->
                  <span class="method-name">fb</span>
                  <em>
(Verify FB social media platform on the footer)                  </em>
                </div> <!-- method-content -->
              </div> <!-- method -->
              <div class="method">
                <div class="method-content">
                  <a name="linkin">
                  </a> <!-- linkin -->
                  <span class="method-name">linkin</span>
                  <em>
(Verify linkin social media platform on the footer)                  </em>
                </div> <!-- method-content -->
              </div> <!-- method -->
              <div class="method">
                <div class="method-content">
                  <a name="x">
                  </a> <!-- x -->
                  <span class="method-name">x</span>
                  <em>
(Verify X social media platform on the footer)                  </em>
                </div> <!-- method-content -->
              </div> <!-- method -->
            </div> <!-- main-panel-content rounded-window-bottom -->
          </div> <!-- suite-Suite-class-passed -->
          <div class="suite-Suite-class-passed">
            <div class="main-panel-header rounded-window-top">
              <img src="passed.png"/>
              <span class="class-name">org.testCases.CaseStudies</span>
            </div> <!-- main-panel-header rounded-window-top -->
            <div class="main-panel-content rounded-window-bottom">
              <div class="method">
                <div class="method-content">
                  <a name="allLinksAccessibility">
                  </a> <!-- allLinksAccessibility -->
                  <span class="method-name">allLinksAccessibility</span>
                  <em>
(Verify all links are accessible)                  </em>
                </div> <!-- method-content -->
              </div> <!-- method -->
              <div class="method">
                <div class="method-content">
                  <a name="casestudiesload">
                  </a> <!-- casestudiesload -->
                  <span class="method-name">casestudiesload</span>
                  <em>
(Verify cases studies load)                  </em>
                </div> <!-- method-content -->
              </div> <!-- method -->
              <div class="method">
                <div class="method-content">
                  <a name="mainHeading">
                  </a> <!-- mainHeading -->
                  <span class="method-name">mainHeading</span>
                  <em>
(Verify main heading is displayed)                  </em>
                </div> <!-- method-content -->
              </div> <!-- method -->
            </div> <!-- main-panel-content rounded-window-bottom -->
          </div> <!-- suite-Suite-class-passed -->
          <div class="suite-Suite-class-passed">
            <div class="main-panel-header rounded-window-top">
              <img src="passed.png"/>
              <span class="class-name">org.testCases.StaffAugmentation</span>
            </div> <!-- main-panel-header rounded-window-top -->
            <div class="main-panel-content rounded-window-bottom">
              <div class="method">
                <div class="method-content">
                  <a name="allLinksAccessibility">
                  </a> <!-- allLinksAccessibility -->
                  <span class="method-name">allLinksAccessibility</span>
                  <em>
(Verify all links are accessible)                  </em>
                </div> <!-- method-content -->
              </div> <!-- method -->
              <div class="method">
                <div class="method-content">
                  <a name="generateAi">
                  </a> <!-- generateAi -->
                  <span class="method-name">generateAi</span>
                  <em>
(navigating to the generate AI solution page from staff augmentation)                  </em>
                </div> <!-- method-content -->
              </div> <!-- method -->
              <div class="method">
                <div class="method-content">
                  <a name="mainHeading">
                  </a> <!-- mainHeading -->
                  <span class="method-name">mainHeading</span>
                  <em>
(Verify main heading is displayed)                  </em>
                </div> <!-- method-content -->
              </div> <!-- method -->
              <div class="method">
                <div class="method-content">
                  <a name="qualityAssurance">
                  </a> <!-- qualityAssurance -->
                  <span class="method-name">qualityAssurance</span>
                  <em>
(navigating to the quality assurance page from staff augmentation page)                  </em>
                </div> <!-- method-content -->
              </div> <!-- method -->
              <div class="method">
                <div class="method-content">
                  <a name="staffAugmentationload">
                  </a> <!-- staffAugmentationload -->
                  <span class="method-name">staffAugmentationload</span>
                  <em>
(Verify staff augmentation load)                  </em>
                </div> <!-- method-content -->
              </div> <!-- method -->
            </div> <!-- main-panel-content rounded-window-bottom -->
          </div> <!-- suite-Suite-class-passed -->
          <div class="suite-Suite-class-passed">
            <div class="main-panel-header rounded-window-top">
              <img src="passed.png"/>
              <span class="class-name">org.testCases.ProductEngineering</span>
            </div> <!-- main-panel-header rounded-window-top -->
            <div class="main-panel-content rounded-window-bottom">
              <div class="method">
                <div class="method-content">
                  <a name="allLinksAccessibility">
                  </a> <!-- allLinksAccessibility -->
                  <span class="method-name">allLinksAccessibility</span>
                  <em>
(Verify all links are accessible)                  </em>
                </div> <!-- method-content -->
              </div> <!-- method -->
              <div class="method">
                <div class="method-content">
                  <a name="health">
                  </a> <!-- health -->
                  <span class="method-name">health</span>
                  <em>
(navigating to the application migration page from product engineering page)                  </em>
                </div> <!-- method-content -->
              </div> <!-- method -->
              <div class="method">
                <div class="method-content">
                  <a name="kumaranSystem">
                  </a> <!-- kumaranSystem -->
                  <span class="method-name">kumaranSystem</span>
                  <em>
(navigating to the managed IT service page from product engineering)                  </em>
                </div> <!-- method-content -->
              </div> <!-- method -->
              <div class="method">
                <div class="method-content">
                  <a name="mainHeading">
                  </a> <!-- mainHeading -->
                  <span class="method-name">mainHeading</span>
                  <em>
(Verify main heading is displayed)                  </em>
                </div> <!-- method-content -->
              </div> <!-- method -->
              <div class="method">
                <div class="method-content">
                  <a name="productEngineeringLoad">
                  </a> <!-- productEngineeringLoad -->
                  <span class="method-name">productEngineeringLoad</span>
                  <em>
(Verify partners page load)                  </em>
                </div> <!-- method-content -->
              </div> <!-- method -->
            </div> <!-- main-panel-content rounded-window-bottom -->
          </div> <!-- suite-Suite-class-passed -->
          <div class="suite-Suite-class-passed">
            <div class="main-panel-header rounded-window-top">
              <img src="passed.png"/>
              <span class="class-name">org.testCases.Whitepaper</span>
            </div> <!-- main-panel-header rounded-window-top -->
            <div class="main-panel-content rounded-window-bottom">
              <div class="method">
                <div class="method-content">
                  <a name="aiDriven">
                  </a> <!-- aiDriven -->
                  <span class="method-name">aiDriven</span>
                  <em>
(Downloading AI Driven Software Development whitepaper)                  </em>
                </div> <!-- method-content -->
              </div> <!-- method -->
              <div class="method">
                <div class="method-content">
                  <a name="allLinksAccessibility">
                  </a> <!-- allLinksAccessibility -->
                  <span class="method-name">allLinksAccessibility</span>
                  <em>
(Verify all links are accessible)                  </em>
                </div> <!-- method-content -->
              </div> <!-- method -->
              <div class="method">
                <div class="method-content">
                  <a name="casestudiesload">
                  </a> <!-- casestudiesload -->
                  <span class="method-name">casestudiesload</span>
                  <em>
(Verify whitepaper load)                  </em>
                </div> <!-- method-content -->
              </div> <!-- method -->
              <div class="method">
                <div class="method-content">
                  <a name="digitalTransformation">
                  </a> <!-- digitalTransformation -->
                  <span class="method-name">digitalTransformation</span>
                  <em>
(Downloading Digital Transformation in BFSI whitepaper)                  </em>
                </div> <!-- method-content -->
              </div> <!-- method -->
              <div class="method">
                <div class="method-content">
                  <a name="legacyModernisation">
                  </a> <!-- legacyModernisation -->
                  <span class="method-name">legacyModernisation</span>
                  <em>
(Downloading Legacy Modernisation whitepaper)                  </em>
                </div> <!-- method-content -->
              </div> <!-- method -->
              <div class="method">
                <div class="method-content">
                  <a name="mainHeading">
                  </a> <!-- mainHeading -->
                  <span class="method-name">mainHeading</span>
                  <em>
(Verify main heading is displayed)                  </em>
                </div> <!-- method-content -->
              </div> <!-- method -->
            </div> <!-- main-panel-content rounded-window-bottom -->
          </div> <!-- suite-Suite-class-passed -->
        </div> <!-- panel Suite -->
        <div panel-name="test-xml-Suite" class="panel">
          <div class="main-panel-header rounded-window-top">
            <span class="header-content">C:\Users\sheiksalim.a\kaasproTest\KaasproTest\rahul.xml</span>
          </div> <!-- main-panel-header rounded-window-top -->
          <div class="main-panel-content rounded-window-bottom">
            <pre>
&lt;?xml version=&quot;1.0&quot; encoding=&quot;UTF-8&quot;?&gt;
&lt;!DOCTYPE suite SYSTEM &quot;https://testng.org/testng-1.0.dtd&quot;&gt;
&lt;suite configfailurepolicy=&quot;continue&quot; name=&quot;Suite&quot; guice-stage=&quot;DEVELOPMENT&quot;&gt;
  &lt;test thread-count=&quot;5&quot; name=&quot;Test&quot;&gt;
    &lt;classes&gt;
      &lt;class name=&quot;org.testCases.AboutUs&quot;/&gt;
      &lt;class name=&quot;org.testCases.CaseStudies&quot;/&gt;
      &lt;class name=&quot;org.testCases.Whitepaper&quot;/&gt;
      &lt;class name=&quot;org.testCases.ProductEngineering&quot;/&gt;
      &lt;class name=&quot;org.testCases.SocialMediaLink&quot;/&gt;
      &lt;class name=&quot;org.testCases.StaffAugmentation&quot;/&gt;
    &lt;/classes&gt;
  &lt;/test&gt; &lt;!-- Test --&gt;
&lt;/suite&gt; &lt;!-- Suite --&gt;
            </pre>
          </div> <!-- main-panel-content rounded-window-bottom -->
        </div> <!-- panel -->
        <div panel-name="testlist-Suite" class="panel">
          <div class="main-panel-header rounded-window-top">
            <span class="header-content">Tests for Suite</span>
          </div> <!-- main-panel-header rounded-window-top -->
          <div class="main-panel-content rounded-window-bottom">
            <ul>
              <li>
                <span class="test-name">Test (6 classes)</span>
              </li>
            </ul>
          </div> <!-- main-panel-content rounded-window-bottom -->
        </div> <!-- panel -->
        <div panel-name="group-Suite" class="panel">
          <div class="main-panel-header rounded-window-top">
            <span class="header-content">Groups for Suite</span>
          </div> <!-- main-panel-header rounded-window-top -->
          <div class="main-panel-content rounded-window-bottom">
          </div> <!-- main-panel-content rounded-window-bottom -->
        </div> <!-- panel -->
        <div panel-name="times-Suite" class="panel">
          <div class="main-panel-header rounded-window-top">
            <span class="header-content">Times for Suite</span>
          </div> <!-- main-panel-header rounded-window-top -->
          <div class="main-panel-content rounded-window-bottom">
            <div class="times-div">
              <script type="text/javascript">
suiteTableInitFunctions.push('tableData_Suite');
function tableData_Suite() {
var data = new google.visualization.DataTable();
data.addColumn('number', 'Number');
data.addColumn('string', 'Method');
data.addColumn('string', 'Class');
data.addColumn('number', 'Time (ms)');
data.addRows(38);
data.setCell(0, 0, 0)
data.setCell(0, 1, 'casestudiesload')
data.setCell(0, 2, 'org.testCases.CaseStudies')
data.setCell(0, 3, 14316);
data.setCell(1, 0, 1)
data.setCell(1, 1, 'aboutUs')
data.setCell(1, 2, 'org.testCases.AboutUs')
data.setCell(1, 3, 14177);
data.setCell(2, 0, 2)
data.setCell(2, 1, 'casestudiesload')
data.setCell(2, 2, 'org.testCases.Whitepaper')
data.setCell(2, 3, 13420);
data.setCell(3, 0, 3)
data.setCell(3, 1, 'productEngineeringLoad')
data.setCell(3, 2, 'org.testCases.ProductEngineering')
data.setCell(3, 3, 13419);
data.setCell(4, 0, 4)
data.setCell(4, 1, 'staffAugmentationload')
data.setCell(4, 2, 'org.testCases.StaffAugmentation')
data.setCell(4, 3, 13346);
data.setCell(5, 0, 5)
data.setCell(5, 1, 'leaderShip')
data.setCell(5, 2, 'org.testCases.AboutUs')
data.setCell(5, 3, 8988);
data.setCell(6, 0, 6)
data.setCell(6, 1, 'kumaranSystem')
data.setCell(6, 2, 'org.testCases.ProductEngineering')
data.setCell(6, 3, 7068);
data.setCell(7, 0, 7)
data.setCell(7, 1, 'generateAi')
data.setCell(7, 2, 'org.testCases.StaffAugmentation')
data.setCell(7, 3, 7030);
data.setCell(8, 0, 8)
data.setCell(8, 1, 'x')
data.setCell(8, 2, 'org.testCases.SocialMediaLink')
data.setCell(8, 3, 6345);
data.setCell(9, 0, 9)
data.setCell(9, 1, 'ourLocation')
data.setCell(9, 2, 'org.testCases.AboutUs')
data.setCell(9, 3, 5886);
data.setCell(10, 0, 10)
data.setCell(10, 1, 'fb')
data.setCell(10, 2, 'org.testCases.SocialMediaLink')
data.setCell(10, 3, 5308);
data.setCell(11, 0, 11)
data.setCell(11, 1, 'linkin')
data.setCell(11, 2, 'org.testCases.SocialMediaLink')
data.setCell(11, 3, 5150);
data.setCell(12, 0, 12)
data.setCell(12, 1, 'health')
data.setCell(12, 2, 'org.testCases.ProductEngineering')
data.setCell(12, 3, 4044);
data.setCell(13, 0, 13)
data.setCell(13, 1, 'qualityAssurance')
data.setCell(13, 2, 'org.testCases.StaffAugmentation')
data.setCell(13, 3, 4011);
data.setCell(14, 0, 14)
data.setCell(14, 1, 'aiDriven')
data.setCell(14, 2, 'org.testCases.Whitepaper')
data.setCell(14, 3, 1993);
data.setCell(15, 0, 15)
data.setCell(15, 1, 'digitalTransformation')
data.setCell(15, 2, 'org.testCases.Whitepaper')
data.setCell(15, 3, 1906);
data.setCell(16, 0, 16)
data.setCell(16, 1, 'legacyModernisation')
data.setCell(16, 2, 'org.testCases.Whitepaper')
data.setCell(16, 3, 1645);
data.setCell(17, 0, 17)
data.setCell(17, 1, 'allLinksAccessibility')
data.setCell(17, 2, 'org.testCases.AboutUs')
data.setCell(17, 3, 518);
data.setCell(18, 0, 18)
data.setCell(18, 1, 'allLinksAccessibility')
data.setCell(18, 2, 'org.testCases.Whitepaper')
data.setCell(18, 3, 469);
data.setCell(19, 0, 19)
data.setCell(19, 1, 'allLinksAccessibility')
data.setCell(19, 2, 'org.testCases.ProductEngineering')
data.setCell(19, 3, 466);
data.setCell(20, 0, 20)
data.setCell(20, 1, 'allLinksAccessibility')
data.setCell(20, 2, 'org.testCases.CaseStudies')
data.setCell(20, 3, 434);
data.setCell(21, 0, 21)
data.setCell(21, 1, 'allLinksAccessibility')
data.setCell(21, 2, 'org.testCases.StaffAugmentation')
data.setCell(21, 3, 304);
data.setCell(22, 0, 22)
data.setCell(22, 1, 'mainHeading')
data.setCell(22, 2, 'org.testCases.Whitepaper')
data.setCell(22, 3, 162);
data.setCell(23, 0, 23)
data.setCell(23, 1, 'mainHeading')
data.setCell(23, 2, 'org.testCases.AboutUs')
data.setCell(23, 3, 145);
data.setCell(24, 0, 24)
data.setCell(24, 1, 'mainHeading')
data.setCell(24, 2, 'org.testCases.ProductEngineering')
data.setCell(24, 3, 101);
data.setCell(25, 0, 25)
data.setCell(25, 1, 'mainHeading')
data.setCell(25, 2, 'org.testCases.StaffAugmentation')
data.setCell(25, 3, 73);
data.setCell(26, 0, 26)
data.setCell(26, 1, 'mainHeading')
data.setCell(26, 2, 'org.testCases.CaseStudies')
data.setCell(26, 3, 40);
data.setCell(27, 0, 27)
data.setCell(27, 1, 'healthcareCaseStudies')
data.setCell(27, 2, 'org.testCases.CaseStudies')
data.setCell(27, 3, 37);
data.setCell(28, 0, 28)
data.setCell(28, 1, 'oracleForms')
data.setCell(28, 2, 'org.testCases.CaseStudies')
data.setCell(28, 3, 26);
data.setCell(29, 0, 29)
data.setCell(29, 1, 'scalableAndSecure')
data.setCell(29, 2, 'org.testCases.CaseStudies')
data.setCell(29, 3, 25);
data.setCell(30, 0, 30)
data.setCell(30, 1, 'modernizingWorkForce')
data.setCell(30, 2, 'org.testCases.CaseStudies')
data.setCell(30, 3, 25);
data.setCell(31, 0, 31)
data.setCell(31, 1, 'oracleForm')
data.setCell(31, 2, 'org.testCases.CaseStudies')
data.setCell(31, 3, 24);
data.setCell(32, 0, 32)
data.setCell(32, 1, 'migrationCaseStudies')
data.setCell(32, 2, 'org.testCases.CaseStudies')
data.setCell(32, 3, 24);
data.setCell(33, 0, 33)
data.setCell(33, 1, 'runwayAnalysis')
data.setCell(33, 2, 'org.testCases.CaseStudies')
data.setCell(33, 3, 24);
data.setCell(34, 0, 34)
data.setCell(34, 1, 'enhancingOperations')
data.setCell(34, 2, 'org.testCases.CaseStudies')
data.setCell(34, 3, 23);
data.setCell(35, 0, 35)
data.setCell(35, 1, 'ubuntuUpgrade')
data.setCell(35, 2, 'org.testCases.CaseStudies')
data.setCell(35, 3, 21);
data.setCell(36, 0, 36)
data.setCell(36, 1, 'modernizingSales')
data.setCell(36, 2, 'org.testCases.CaseStudies')
data.setCell(36, 3, 20);
data.setCell(37, 0, 37)
data.setCell(37, 1, 'legacy')
data.setCell(37, 2, 'org.testCases.CaseStudies')
data.setCell(37, 3, 19);
window.suiteTableData['Suite']= { tableData: data, tableDiv: 'times-div-Suite'}
return data;
}
              </script>
              <span class="suite-total-time">Total running time: 2 minutes</span>
              <div id="times-div-Suite">
              </div> <!-- times-div-Suite -->
            </div> <!-- times-div -->
          </div> <!-- main-panel-content rounded-window-bottom -->
        </div> <!-- panel -->
        <div panel-name="reporter-Suite" class="panel">
          <div class="main-panel-header rounded-window-top">
            <span class="header-content">Reporter output for Suite</span>
          </div> <!-- main-panel-header rounded-window-top -->
          <div class="main-panel-content rounded-window-bottom">
          </div> <!-- main-panel-content rounded-window-bottom -->
        </div> <!-- panel -->
        <div panel-name="ignored-methods-Suite" class="panel">
          <div class="main-panel-header rounded-window-top">
            <span class="header-content">15 ignored methods</span>
          </div> <!-- main-panel-header rounded-window-top -->
          <div class="main-panel-content rounded-window-bottom">
            <div class="ignored-class-div">
              <span class="ignored-class-name">org.testCases.SocialMediaLink</span>
              <div class="ignored-methods-div">
                <span class="ignored-method-name">openConnection</span>
                <br/>
                <span class="ignored-method-name">tear_Down</span>
                <br/>
                <span class="ignored-method-name">getTheTestNmae</span>
                <br/>
              </div> <!-- ignored-methods-div -->
            </div> <!-- ignored-class-div -->
            <div class="ignored-class-div">
              <span class="ignored-class-name">org.testCases.CaseStudies</span>
              <div class="ignored-methods-div">
                <span class="ignored-method-name">openConnection</span>
                <br/>
                <span class="ignored-method-name">tear_Down</span>
                <br/>
                <span class="ignored-method-name">getTheTestNmae</span>
                <br/>
              </div> <!-- ignored-methods-div -->
            </div> <!-- ignored-class-div -->
            <div class="ignored-class-div">
              <span class="ignored-class-name">org.testCases.StaffAugmentation</span>
              <div class="ignored-methods-div">
                <span class="ignored-method-name">openConnection</span>
                <br/>
                <span class="ignored-method-name">tear_Down</span>
                <br/>
                <span class="ignored-method-name">getTheTestNmae</span>
                <br/>
              </div> <!-- ignored-methods-div -->
            </div> <!-- ignored-class-div -->
            <div class="ignored-class-div">
              <span class="ignored-class-name">org.testCases.ProductEngineering</span>
              <div class="ignored-methods-div">
                <span class="ignored-method-name">openConnection</span>
                <br/>
                <span class="ignored-method-name">tear_Down</span>
                <br/>
                <span class="ignored-method-name">getTheTestNmae</span>
                <br/>
              </div> <!-- ignored-methods-div -->
            </div> <!-- ignored-class-div -->
            <div class="ignored-class-div">
              <span class="ignored-class-name">org.testCases.Whitepaper</span>
              <div class="ignored-methods-div">
                <span class="ignored-method-name">openConnection</span>
                <br/>
                <span class="ignored-method-name">tear_Down</span>
                <br/>
                <span class="ignored-method-name">getTheTestNmae</span>
                <br/>
              </div> <!-- ignored-methods-div -->
            </div> <!-- ignored-class-div -->
          </div> <!-- main-panel-content rounded-window-bottom -->
        </div> <!-- panel -->
        <div panel-name="chronological-Suite" class="panel">
          <div class="main-panel-header rounded-window-top">
            <span class="header-content">Methods in chronological order</span>
          </div> <!-- main-panel-header rounded-window-top -->
          <div class="main-panel-content rounded-window-bottom">
            <div class="chronological-class">
              <div class="chronological-class-name">org.testCases.AboutUs</div> <!-- chronological-class-name -->
              <div class="configuration-suite before">
                <span class="method-name">openConnection</span>
                <span class="method-start">0 ms</span>
              </div> <!-- configuration-suite before -->
              <div class="configuration-test before">
                <span class="method-name">getTheTestNmae(org.testng.TestRunner@39652a30)</span>
                <span class="method-start">2792 ms</span>
              </div> <!-- configuration-test before -->
              <div class="configuration-method before">
                <span class="method-name">verifyTheName(public void org.testCases.AboutUs.aboutUs() throws java.lang.InterruptedException)</span>
                <span class="method-start">2826 ms</span>
              </div> <!-- configuration-method before -->
              <div class="test-method">
                <span class="method-name">aboutUs</span>
                <span class="method-start">2845 ms</span>
              </div> <!-- test-method -->
              <div class="configuration-method after">
                <span class="method-name">checkStatus([TestResult name=aboutUs status=SUCCESS method=AboutUs.aboutUs()[pri:0, instance:org.testCases.About...)</span>
                <span class="method-start">17029 ms</span>
              </div> <!-- configuration-method after -->
              <div class="configuration-method before">
                <span class="method-name">verifyTheName(public void org.testCases.AboutUs.mainHeading())</span>
                <span class="method-start">17037 ms</span>
              </div> <!-- configuration-method before -->
              <div class="test-method">
                <span class="method-name">mainHeading</span>
                <span class="method-start">17039 ms</span>
              </div> <!-- test-method -->
              <div class="configuration-method after">
                <span class="method-name">checkStatus([TestResult name=mainHeading status=SUCCESS method=AboutUs.mainHeading()[pri:1, instance:org.testCas...)</span>
                <span class="method-start">17187 ms</span>
              </div> <!-- configuration-method after -->
              <div class="configuration-method before">
                <span class="method-name">verifyTheName(public void org.testCases.AboutUs.allLinksAccessibility())</span>
                <span class="method-start">17189 ms</span>
              </div> <!-- configuration-method before -->
              <div class="test-method">
                <span class="method-name">allLinksAccessibility</span>
                <span class="method-start">17190 ms</span>
              </div> <!-- test-method -->
              <div class="configuration-method after">
                <span class="method-name">checkStatus([TestResult name=allLinksAccessibility status=SUCCESS method=AboutUs.allLinksAccessibility()[pri:2, ...)</span>
                <span class="method-start">17710 ms</span>
              </div> <!-- configuration-method after -->
              <div class="configuration-method before">
                <span class="method-name">verifyTheName(public void org.testCases.AboutUs.ourLocation() throws java.lang.InterruptedException)</span>
                <span class="method-start">17712 ms</span>
              </div> <!-- configuration-method before -->
              <div class="test-method">
                <span class="method-name">ourLocation</span>
                <span class="method-start">17712 ms</span>
              </div> <!-- test-method -->
              <div class="configuration-method after">
                <span class="method-name">checkStatus([TestResult name=ourLocation status=SUCCESS method=AboutUs.ourLocation()[pri:3, instance:org.testCas...)</span>
                <span class="method-start">23601 ms</span>
              </div> <!-- configuration-method after -->
              <div class="configuration-method before">
                <span class="method-name">verifyTheName(public void org.testCases.AboutUs.leaderShip() throws java.lang.InterruptedException)</span>
                <span class="method-start">23602 ms</span>
              </div> <!-- configuration-method before -->
              <div class="test-method">
                <span class="method-name">leaderShip</span>
                <span class="method-start">23603 ms</span>
              </div> <!-- test-method -->
              <div class="configuration-method after">
                <span class="method-name">checkStatus([TestResult name=leaderShip status=SUCCESS method=AboutUs.leaderShip()[pri:4, instance:org.testCases...)</span>
                <span class="method-start">32594 ms</span>
              </div> <!-- configuration-method after -->
            </div> <!-- chronological-class -->
            <div class="chronological-class">
              <div class="chronological-class-name">org.testCases.CaseStudies</div> <!-- chronological-class-name -->
              <div class="test-method">
                <span class="method-name">casestudiesload</span>
                <span class="method-start">32597 ms</span>
              </div> <!-- test-method -->
              <div class="configuration-method before">
                <span class="method-name">verifyTheName(public void org.testCases.CaseStudies.casestudiesload() throws java.lang.InterruptedException)</span>
                <span class="method-start">32597 ms</span>
              </div> <!-- configuration-method before -->
              <div class="configuration-method after">
                <span class="method-name">checkStatus([TestResult name=casestudiesload status=SUCCESS method=CaseStudies.casestudiesload()[pri:0, instance...)</span>
                <span class="method-start">46914 ms</span>
              </div> <!-- configuration-method after -->
              <div class="test-method">
                <span class="method-name">mainHeading</span>
                <span class="method-start">46917 ms</span>
              </div> <!-- test-method -->
              <div class="configuration-method before">
                <span class="method-name">verifyTheName(public void org.testCases.CaseStudies.mainHeading())</span>
                <span class="method-start">46917 ms</span>
              </div> <!-- configuration-method before -->
              <div class="configuration-method after">
                <span class="method-name">checkStatus([TestResult name=mainHeading status=SUCCESS method=CaseStudies.mainHeading()[pri:1, instance:org.tes...)</span>
                <span class="method-start">46958 ms</span>
              </div> <!-- configuration-method after -->
              <div class="configuration-method before">
                <span class="method-name">verifyTheName(public void org.testCases.CaseStudies.allLinksAccessibility())</span>
                <span class="method-start">46959 ms</span>
              </div> <!-- configuration-method before -->
              <div class="test-method">
                <span class="method-name">allLinksAccessibility</span>
                <span class="method-start">46959 ms</span>
              </div> <!-- test-method -->
              <div class="configuration-method after">
                <span class="method-name">checkStatus([TestResult name=allLinksAccessibility status=SUCCESS method=CaseStudies.allLinksAccessibility()[pri...)</span>
                <span class="method-start">47395 ms</span>
              </div> <!-- configuration-method after -->
              <div class="configuration-method before">
                <span class="method-name">verifyTheName(public void org.testCases.CaseStudies.healthcareCaseStudies() throws java.lang.InterruptedException)</span>
                <span class="method-start">47397 ms</span>
              </div> <!-- configuration-method before -->
              <div class="test-method">
                <img src="failed.png">
                </img>
                <span class="method-name">healthcareCaseStudies</span>
                <span class="method-start">47399 ms</span>
              </div> <!-- test-method -->
              <div class="configuration-method after">
                <span class="method-name">checkStatus([TestResult name=healthcareCaseStudies status=FAILURE method=CaseStudies.healthcareCaseStudies()[pri...)</span>
                <span class="method-start">47444 ms</span>
              </div> <!-- configuration-method after -->
              <div class="configuration-method before">
                <span class="method-name">verifyTheName(public void org.testCases.CaseStudies.migrationCaseStudies() throws java.lang.InterruptedException)</span>
                <span class="method-start">47724 ms</span>
              </div> <!-- configuration-method before -->
              <div class="test-method">
                <img src="failed.png">
                </img>
                <span class="method-name">migrationCaseStudies</span>
                <span class="method-start">47725 ms</span>
              </div> <!-- test-method -->
              <div class="configuration-method after">
                <span class="method-name">checkStatus([TestResult name=migrationCaseStudies status=FAILURE method=CaseStudies.migrationCaseStudies()[pri:4...)</span>
                <span class="method-start">47753 ms</span>
              </div> <!-- configuration-method after -->
              <div class="test-method">
                <img src="failed.png">
                </img>
                <span class="method-name">ubuntuUpgrade</span>
                <span class="method-start">48011 ms</span>
              </div> <!-- test-method -->
              <div class="configuration-method before">
                <span class="method-name">verifyTheName(public void org.testCases.CaseStudies.ubuntuUpgrade() throws java.lang.InterruptedException)</span>
                <span class="method-start">48011 ms</span>
              </div> <!-- configuration-method before -->
              <div class="configuration-method after">
                <span class="method-name">checkStatus([TestResult name=ubuntuUpgrade status=FAILURE method=CaseStudies.ubuntuUpgrade()[pri:5, instance:org...)</span>
                <span class="method-start">48035 ms</span>
              </div> <!-- configuration-method after -->
              <div class="configuration-method before">
                <span class="method-name">verifyTheName(public void org.testCases.CaseStudies.oracleForms() throws java.lang.InterruptedException)</span>
                <span class="method-start">48298 ms</span>
              </div> <!-- configuration-method before -->
              <div class="test-method">
                <img src="failed.png">
                </img>
                <span class="method-name">oracleForms</span>
                <span class="method-start">48299 ms</span>
              </div> <!-- test-method -->
              <div class="configuration-method after">
                <span class="method-name">checkStatus([TestResult name=oracleForms status=FAILURE method=CaseStudies.oracleForms()[pri:6, instance:org.tes...)</span>
                <span class="method-start">48330 ms</span>
              </div> <!-- configuration-method after -->
              <div class="configuration-method before">
                <span class="method-name">verifyTheName(public void org.testCases.CaseStudies.scalableAndSecure() throws java.lang.InterruptedException)</span>
                <span class="method-start">48604 ms</span>
              </div> <!-- configuration-method before -->
              <div class="test-method">
                <img src="failed.png">
                </img>
                <span class="method-name">scalableAndSecure</span>
                <span class="method-start">48605 ms</span>
              </div> <!-- test-method -->
              <div class="configuration-method after">
                <span class="method-name">checkStatus([TestResult name=scalableAndSecure status=FAILURE method=CaseStudies.scalableAndSecure()[pri:7, inst...)</span>
                <span class="method-start">48633 ms</span>
              </div> <!-- configuration-method after -->
              <div class="configuration-method before">
                <span class="method-name">verifyTheName(public void org.testCases.CaseStudies.modernizingSales() throws java.lang.InterruptedException)</span>
                <span class="method-start">48858 ms</span>
              </div> <!-- configuration-method before -->
              <div class="test-method">
                <img src="failed.png">
                </img>
                <span class="method-name">modernizingSales</span>
                <span class="method-start">48859 ms</span>
              </div> <!-- test-method -->
              <div class="configuration-method after">
                <span class="method-name">checkStatus([TestResult name=modernizingSales status=FAILURE method=CaseStudies.modernizingSales()[pri:8, instan...)</span>
                <span class="method-start">48882 ms</span>
              </div> <!-- configuration-method after -->
              <div class="configuration-method before">
                <span class="method-name">verifyTheName(public void org.testCases.CaseStudies.legacy() throws java.lang.InterruptedException)</span>
                <span class="method-start">49137 ms</span>
              </div> <!-- configuration-method before -->
              <div class="test-method">
                <img src="failed.png">
                </img>
                <span class="method-name">legacy</span>
                <span class="method-start">49138 ms</span>
              </div> <!-- test-method -->
              <div class="configuration-method after">
                <span class="method-name">checkStatus([TestResult name=legacy status=FAILURE method=CaseStudies.legacy()[pri:9, instance:org.testCases.Cas...)</span>
                <span class="method-start">49160 ms</span>
              </div> <!-- configuration-method after -->
              <div class="configuration-method before">
                <span class="method-name">verifyTheName(public void org.testCases.CaseStudies.oracleForm() throws java.lang.InterruptedException)</span>
                <span class="method-start">49411 ms</span>
              </div> <!-- configuration-method before -->
              <div class="test-method">
                <img src="failed.png">
                </img>
                <span class="method-name">oracleForm</span>
                <span class="method-start">49412 ms</span>
              </div> <!-- test-method -->
              <div class="configuration-method after">
                <span class="method-name">checkStatus([TestResult name=oracleForm status=FAILURE method=CaseStudies.oracleForm()[pri:10, instance:org.test...)</span>
                <span class="method-start">49439 ms</span>
              </div> <!-- configuration-method after -->
              <div class="test-method">
                <img src="failed.png">
                </img>
                <span class="method-name">enhancingOperations</span>
                <span class="method-start">49657 ms</span>
              </div> <!-- test-method -->
              <div class="configuration-method before">
                <span class="method-name">verifyTheName(public void org.testCases.CaseStudies.enhancingOperations() throws java.lang.InterruptedException)</span>
                <span class="method-start">49657 ms</span>
              </div> <!-- configuration-method before -->
              <div class="configuration-method after">
                <span class="method-name">checkStatus([TestResult name=enhancingOperations status=FAILURE method=CaseStudies.enhancingOperations()[pri:11,...)</span>
                <span class="method-start">49684 ms</span>
              </div> <!-- configuration-method after -->
              <div class="configuration-method before">
                <span class="method-name">verifyTheName(public void org.testCases.CaseStudies.modernizingWorkForce() throws java.lang.InterruptedException)</span>
                <span class="method-start">49921 ms</span>
              </div> <!-- configuration-method before -->
              <div class="test-method">
                <img src="failed.png">
                </img>
                <span class="method-name">modernizingWorkForce</span>
                <span class="method-start">49923 ms</span>
              </div> <!-- test-method -->
              <div class="configuration-method after">
                <span class="method-name">checkStatus([TestResult name=modernizingWorkForce status=FAILURE method=CaseStudies.modernizingWorkForce()[pri:1...)</span>
                <span class="method-start">49951 ms</span>
              </div> <!-- configuration-method after -->
              <div class="configuration-method before">
                <span class="method-name">verifyTheName(public void org.testCases.CaseStudies.runwayAnalysis() throws java.lang.InterruptedException)</span>
                <span class="method-start">50174 ms</span>
              </div> <!-- configuration-method before -->
              <div class="test-method">
                <img src="failed.png">
                </img>
                <span class="method-name">runwayAnalysis</span>
                <span class="method-start">50175 ms</span>
              </div> <!-- test-method -->
              <div class="configuration-method after">
                <span class="method-name">checkStatus([TestResult name=runwayAnalysis status=FAILURE method=CaseStudies.runwayAnalysis()[pri:13, instance:...)</span>
                <span class="method-start">50202 ms</span>
              </div> <!-- configuration-method after -->
            </div> <!-- chronological-class -->
            <div class="chronological-class">
              <div class="chronological-class-name">org.testCases.Whitepaper</div> <!-- chronological-class-name -->
              <div class="configuration-method before">
                <span class="method-name">verifyTheName(public void org.testCases.Whitepaper.casestudiesload() throws java.lang.InterruptedException)</span>
                <span class="method-start">50431 ms</span>
              </div> <!-- configuration-method before -->
              <div class="test-method">
                <span class="method-name">casestudiesload</span>
                <span class="method-start">50432 ms</span>
              </div> <!-- test-method -->
              <div class="configuration-method after">
                <span class="method-name">checkStatus([TestResult name=casestudiesload status=SUCCESS method=Whitepaper.casestudiesload()[pri:0, instance:...)</span>
                <span class="method-start">63852 ms</span>
              </div> <!-- configuration-method after -->
              <div class="test-method">
                <span class="method-name">mainHeading</span>
                <span class="method-start">63854 ms</span>
              </div> <!-- test-method -->
              <div class="configuration-method before">
                <span class="method-name">verifyTheName(public void org.testCases.Whitepaper.mainHeading())</span>
                <span class="method-start">63854 ms</span>
              </div> <!-- configuration-method before -->
              <div class="configuration-method after">
                <span class="method-name">checkStatus([TestResult name=mainHeading status=SUCCESS method=Whitepaper.mainHeading()[pri:1, instance:org.test...)</span>
                <span class="method-start">64018 ms</span>
              </div> <!-- configuration-method after -->
              <div class="configuration-method before">
                <span class="method-name">verifyTheName(public void org.testCases.Whitepaper.allLinksAccessibility())</span>
                <span class="method-start">64020 ms</span>
              </div> <!-- configuration-method before -->
              <div class="test-method">
                <span class="method-name">allLinksAccessibility</span>
                <span class="method-start">64021 ms</span>
              </div> <!-- test-method -->
              <div class="configuration-method after">
                <span class="method-name">checkStatus([TestResult name=allLinksAccessibility status=SUCCESS method=Whitepaper.allLinksAccessibility()[pri:...)</span>
                <span class="method-start">64492 ms</span>
              </div> <!-- configuration-method after -->
              <div class="configuration-method before">
                <span class="method-name">verifyTheName(public void org.testCases.Whitepaper.aiDriven() throws java.lang.InterruptedException)</span>
                <span class="method-start">64495 ms</span>
              </div> <!-- configuration-method before -->
              <div class="test-method">
                <span class="method-name">aiDriven</span>
                <span class="method-start">64497 ms</span>
              </div> <!-- test-method -->
              <div class="configuration-method after">
                <span class="method-name">checkStatus([TestResult name=aiDriven status=SUCCESS method=Whitepaper.aiDriven()[pri:3, instance:org.testCases....)</span>
                <span class="method-start">66494 ms</span>
              </div> <!-- configuration-method after -->
              <div class="test-method">
                <span class="method-name">digitalTransformation</span>
                <span class="method-start">66496 ms</span>
              </div> <!-- test-method -->
              <div class="configuration-method before">
                <span class="method-name">verifyTheName(public void org.testCases.Whitepaper.digitalTransformation() throws java.lang.InterruptedException)</span>
                <span class="method-start">66496 ms</span>
              </div> <!-- configuration-method before -->
              <div class="configuration-method after">
                <span class="method-name">checkStatus([TestResult name=digitalTransformation status=SUCCESS method=Whitepaper.digitalTransformation()[pri:...)</span>
                <span class="method-start">68404 ms</span>
              </div> <!-- configuration-method after -->
              <div class="configuration-method before">
                <span class="method-name">verifyTheName(public void org.testCases.Whitepaper.legacyModernisation() throws java.lang.InterruptedException)</span>
                <span class="method-start">68408 ms</span>
              </div> <!-- configuration-method before -->
              <div class="test-method">
                <span class="method-name">legacyModernisation</span>
                <span class="method-start">68409 ms</span>
              </div> <!-- test-method -->
              <div class="configuration-method after">
                <span class="method-name">checkStatus([TestResult name=legacyModernisation status=SUCCESS method=Whitepaper.legacyModernisation()[pri:5, i...)</span>
                <span class="method-start">70055 ms</span>
              </div> <!-- configuration-method after -->
            </div> <!-- chronological-class -->
            <div class="chronological-class">
              <div class="chronological-class-name">org.testCases.ProductEngineering</div> <!-- chronological-class-name -->
              <div class="configuration-method before">
                <span class="method-name">verifyTheName(public void org.testCases.ProductEngineering.productEngineeringLoad() throws java.lang.InterruptedEx...)</span>
                <span class="method-start">70060 ms</span>
              </div> <!-- configuration-method before -->
              <div class="test-method">
                <span class="method-name">productEngineeringLoad</span>
                <span class="method-start">70062 ms</span>
              </div> <!-- test-method -->
              <div class="configuration-method after">
                <span class="method-name">checkStatus([TestResult name=productEngineeringLoad status=SUCCESS method=ProductEngineering.productEngineeringL...)</span>
                <span class="method-start">83482 ms</span>
              </div> <!-- configuration-method after -->
              <div class="test-method">
                <span class="method-name">mainHeading</span>
                <span class="method-start">83484 ms</span>
              </div> <!-- test-method -->
              <div class="configuration-method before">
                <span class="method-name">verifyTheName(public void org.testCases.ProductEngineering.mainHeading())</span>
                <span class="method-start">83484 ms</span>
              </div> <!-- configuration-method before -->
              <div class="configuration-method after">
                <span class="method-name">checkStatus([TestResult name=mainHeading status=SUCCESS method=ProductEngineering.mainHeading()[pri:1, instance:...)</span>
                <span class="method-start">83586 ms</span>
              </div> <!-- configuration-method after -->
              <div class="test-method">
                <span class="method-name">allLinksAccessibility</span>
                <span class="method-start">83588 ms</span>
              </div> <!-- test-method -->
              <div class="configuration-method before">
                <span class="method-name">verifyTheName(public void org.testCases.ProductEngineering.allLinksAccessibility())</span>
                <span class="method-start">83588 ms</span>
              </div> <!-- configuration-method before -->
              <div class="configuration-method after">
                <span class="method-name">checkStatus([TestResult name=allLinksAccessibility status=SUCCESS method=ProductEngineering.allLinksAccessibilit...)</span>
                <span class="method-start">84055 ms</span>
              </div> <!-- configuration-method after -->
              <div class="configuration-method before">
                <span class="method-name">verifyTheName(public void org.testCases.ProductEngineering.health() throws java.lang.InterruptedException)</span>
                <span class="method-start">84056 ms</span>
              </div> <!-- configuration-method before -->
              <div class="test-method">
                <span class="method-name">health</span>
                <span class="method-start">84057 ms</span>
              </div> <!-- test-method -->
              <div class="configuration-method after">
                <span class="method-name">checkStatus([TestResult name=health status=SUCCESS method=ProductEngineering.health()[pri:3, instance:org.testCa...)</span>
                <span class="method-start">88102 ms</span>
              </div> <!-- configuration-method after -->
              <div class="configuration-method before">
                <span class="method-name">verifyTheName(public void org.testCases.ProductEngineering.kumaranSystem() throws java.lang.InterruptedException)</span>
                <span class="method-start">88104 ms</span>
              </div> <!-- configuration-method before -->
              <div class="test-method">
                <span class="method-name">kumaranSystem</span>
                <span class="method-start">88105 ms</span>
              </div> <!-- test-method -->
              <div class="configuration-method after">
                <span class="method-name">checkStatus([TestResult name=kumaranSystem status=SUCCESS method=ProductEngineering.kumaranSystem()[pri:4, insta...)</span>
                <span class="method-start">95174 ms</span>
              </div> <!-- configuration-method after -->
            </div> <!-- chronological-class -->
            <div class="chronological-class">
              <div class="chronological-class-name">org.testCases.SocialMediaLink</div> <!-- chronological-class-name -->
              <div class="configuration-method before">
                <span class="method-name">verifyTheName(public void org.testCases.SocialMediaLink.linkin() throws java.lang.InterruptedException)</span>
                <span class="method-start">95176 ms</span>
              </div> <!-- configuration-method before -->
              <div class="test-method">
                <span class="method-name">linkin</span>
                <span class="method-start">95177 ms</span>
              </div> <!-- test-method -->
              <div class="configuration-method after">
                <span class="method-name">checkStatus([TestResult name=linkin status=SUCCESS method=SocialMediaLink.linkin()[pri:0, instance:org.testCases...)</span>
                <span class="method-start">100328 ms</span>
              </div> <!-- configuration-method after -->
              <div class="configuration-method before">
                <span class="method-name">verifyTheName(public void org.testCases.SocialMediaLink.x() throws java.lang.InterruptedException)</span>
                <span class="method-start">100330 ms</span>
              </div> <!-- configuration-method before -->
              <div class="test-method">
                <span class="method-name">x</span>
                <span class="method-start">100331 ms</span>
              </div> <!-- test-method -->
              <div class="configuration-method after">
                <span class="method-name">checkStatus([TestResult name=x status=SUCCESS method=SocialMediaLink.x()[pri:1, instance:org.testCases.SocialMed...)</span>
                <span class="method-start">106682 ms</span>
              </div> <!-- configuration-method after -->
              <div class="configuration-method before">
                <span class="method-name">verifyTheName(public void org.testCases.SocialMediaLink.fb() throws java.lang.InterruptedException)</span>
                <span class="method-start">106684 ms</span>
              </div> <!-- configuration-method before -->
              <div class="test-method">
                <span class="method-name">fb</span>
                <span class="method-start">106685 ms</span>
              </div> <!-- test-method -->
              <div class="configuration-method after">
                <span class="method-name">checkStatus([TestResult name=fb status=SUCCESS method=SocialMediaLink.fb()[pri:2, instance:org.testCases.SocialM...)</span>
                <span class="method-start">111994 ms</span>
              </div> <!-- configuration-method after -->
            </div> <!-- chronological-class -->
            <div class="chronological-class">
              <div class="chronological-class-name">org.testCases.StaffAugmentation</div> <!-- chronological-class-name -->
              <div class="configuration-method before">
                <span class="method-name">verifyTheName(public void org.testCases.StaffAugmentation.staffAugmentationload() throws java.lang.InterruptedExce...)</span>
                <span class="method-start">111996 ms</span>
              </div> <!-- configuration-method before -->
              <div class="test-method">
                <span class="method-name">staffAugmentationload</span>
                <span class="method-start">111997 ms</span>
              </div> <!-- test-method -->
              <div class="configuration-method after">
                <span class="method-name">checkStatus([TestResult name=staffAugmentationload status=SUCCESS method=StaffAugmentation.staffAugmentationload...)</span>
                <span class="method-start">125343 ms</span>
              </div> <!-- configuration-method after -->
              <div class="configuration-method before">
                <span class="method-name">verifyTheName(public void org.testCases.StaffAugmentation.mainHeading())</span>
                <span class="method-start">125345 ms</span>
              </div> <!-- configuration-method before -->
              <div class="test-method">
                <span class="method-name">mainHeading</span>
                <span class="method-start">125345 ms</span>
              </div> <!-- test-method -->
              <div class="configuration-method after">
                <span class="method-name">checkStatus([TestResult name=mainHeading status=SUCCESS method=StaffAugmentation.mainHeading()[pri:1, instance:o...)</span>
                <span class="method-start">125419 ms</span>
              </div> <!-- configuration-method after -->
              <div class="configuration-method before">
                <span class="method-name">verifyTheName(public void org.testCases.StaffAugmentation.allLinksAccessibility())</span>
                <span class="method-start">125420 ms</span>
              </div> <!-- configuration-method before -->
              <div class="test-method">
                <span class="method-name">allLinksAccessibility</span>
                <span class="method-start">125421 ms</span>
              </div> <!-- test-method -->
              <div class="configuration-method after">
                <span class="method-name">checkStatus([TestResult name=allLinksAccessibility status=SUCCESS method=StaffAugmentation.allLinksAccessibility...)</span>
                <span class="method-start">125726 ms</span>
              </div> <!-- configuration-method after -->
              <div class="test-method">
                <span class="method-name">qualityAssurance</span>
                <span class="method-start">125727 ms</span>
              </div> <!-- test-method -->
              <div class="configuration-method before">
                <span class="method-name">verifyTheName(public void org.testCases.StaffAugmentation.qualityAssurance() throws java.lang.InterruptedException)</span>
                <span class="method-start">125727 ms</span>
              </div> <!-- configuration-method before -->
              <div class="configuration-method after">
                <span class="method-name">checkStatus([TestResult name=qualityAssurance status=SUCCESS method=StaffAugmentation.qualityAssurance()[pri:3, ...)</span>
                <span class="method-start">129739 ms</span>
              </div> <!-- configuration-method after -->
              <div class="configuration-method before">
                <span class="method-name">verifyTheName(public void org.testCases.StaffAugmentation.generateAi() throws java.lang.InterruptedException)</span>
                <span class="method-start">129741 ms</span>
              </div> <!-- configuration-method before -->
              <div class="test-method">
                <span class="method-name">generateAi</span>
                <span class="method-start">129742 ms</span>
              </div> <!-- test-method -->
              <div class="configuration-method after">
                <span class="method-name">checkStatus([TestResult name=generateAi status=SUCCESS method=StaffAugmentation.generateAi()[pri:4, instance:org...)</span>
                <span class="method-start">136773 ms</span>
              </div> <!-- configuration-method after -->
            </div> <!-- chronological-class -->
            <div class="chronological-class">
              <div class="chronological-class-name">org.testCases.AboutUs</div> <!-- chronological-class-name -->
              <div class="configuration-suite after">
                <span class="method-name">tear_Down</span>
                <span class="method-start">136938 ms</span>
              </div> <!-- configuration-suite after -->
          </div> <!-- main-panel-content rounded-window-bottom -->
        </div> <!-- panel -->
      </div> <!-- main-panel-root -->
    </div> <!-- wrapper -->
  </body>
<script type="text/javascript" src="testng-reports2.js"></script>
</html>
